This file contains any messages produced by compilers while
running configure, to aid debugging if configure makes a mistake.

It was created by configure, which was
generated by GNU Autoconf 2.68.  Invocation command line was

  $ ./configure --with-http=no --with-ftp=no

## --------- ##
## Platform. ##
## --------- ##

hostname = figuratively
uname -m = i686
uname -r = 3.0.0-16-generic-pae
uname -s = Linux
uname -v = #28-Ubuntu SMP Fri Jan 27 19:24:01 UTC 2012

/usr/bin/uname -p = unknown
/bin/uname -X     = unknown

/bin/arch              = unknown
/usr/bin/arch -k       = unknown
/usr/convex/getsysinfo = unknown
/usr/bin/hostinfo      = unknown
/bin/machine           = unknown
/usr/bin/oslevel       = unknown
/bin/universe          = unknown

PATH: /home/alon/bin
PATH: /usr/lib/lightdm/lightdm
PATH: /usr/local/sbin
PATH: /usr/local/bin
PATH: /usr/sbin
PATH: /usr/bin
PATH: /sbin
PATH: /bin
PATH: /usr/games
PATH: /home/alon/Dev/mozilla-central/js/src/fast
PATH: /home/alon/Dev/v8


## ----------- ##
## Core tests. ##
## ----------- ##

configure:2403: checking build system type
configure:2417: result: i686-pc-linux-gnu
configure:2437: checking host system type
configure:2450: result: i686-pc-linux-gnu
configure:2530: checking for a BSD-compatible install
configure:2598: result: /usr/bin/install -c
configure:2609: checking whether build environment is sane
configure:2659: result: yes
configure:2800: checking for a thread-safe mkdir -p
configure:2839: result: /bin/mkdir -p
configure:2852: checking for gawk
configure:2882: result: no
configure:2852: checking for mawk
configure:2868: found /usr/bin/mawk
configure:2879: result: mawk
configure:2890: checking whether make sets $(MAKE)
configure:2912: result: yes
configure:3041: checking for gcc
configure:3068: result: /home/alon/Dev/emscripten/emcc
configure:3297: checking for C compiler version
configure:3306: /home/alon/Dev/emscripten/emcc --version >&5
emcc (Emscripten GCC-like replacement) 2.0
Copyright (C) 2011 the Emscripten authors.
This is free and open source software under the MIT license.
There is NO warranty; not even for MERCHANTABILITY or FITNESS FOR A PARTICULAR PURPOSE.
  
configure:3317: $? = 0
configure:3306: /home/alon/Dev/emscripten/emcc -v >&5
clang version 3.0 (tags/RELEASE_30/rc3)
Target: i386-pc-linux-gnu
Thread model: posix
clang-3: warning: argument unused during compilation: '-nostdinc'
clang-3: warning: argument unused during compilation: '-nostdinc++'
clang-3: warning: argument unused during compilation: '-Xclang -nobuiltininc'
clang-3: warning: argument unused during compilation: '-Xclang -nostdinc++'
clang-3: warning: argument unused during compilation: '-Xclang -nostdsysteminc'
clang-3: warning: argument unused during compilation: '-Xclang -isystem/home/alon/Dev/emscripten/system/include'
clang-3: warning: argument unused during compilation: '-Xclang -isystem/home/alon/Dev/emscripten/system/include/bsd'
... rest of stderr output deleted ...
configure:3317: $? = 0
configure:3306: /home/alon/Dev/emscripten/emcc -V >&5
clang-3: error: argument to '-V' is missing (expected 1 value)
clang-3: error: no input files
configure:3317: $? = 1
configure:3306: /home/alon/Dev/emscripten/emcc -qversion >&5
clang-3: error: no input files
configure:3317: $? = 1
configure:3337: checking whether the C compiler works
configure:3359: /home/alon/Dev/emscripten/emcc    conftest.c  >&5
clang-3: warning: argument unused during compilation: '-nostdinc++'
configure:3363: $? = 0
configure:3411: result: yes
configure:3414: checking for C compiler default output file name
configure:3416: result: a.out
configure:3422: checking for suffix of executables
configure:3429: /home/alon/Dev/emscripten/emcc -o conftest    conftest.c  >&5
clang-3: warning: argument unused during compilation: '-nostdinc++'
configure:3433: $? = 0
configure:3455: result: 
configure:3477: checking whether we are cross compiling
configure:3485: /home/alon/Dev/emscripten/emcc -o conftest    conftest.c  >&5
clang-3: warning: argument unused during compilation: '-nostdinc++'
configure:3489: $? = 0
configure:3496: ./conftest
configure:3500: $? = 0
configure:3515: result: no
configure:3520: checking for suffix of object files
configure:3542: /home/alon/Dev/emscripten/emcc -c   conftest.c >&5
clang-3: warning: argument unused during compilation: '-nostdinc++'
configure:3546: $? = 0
configure:3567: result: o
configure:3571: checking whether we are using the GNU C compiler
configure:3590: /home/alon/Dev/emscripten/emcc -c   conftest.c >&5
clang-3: warning: argument unused during compilation: '-nostdinc++'
configure:3590: $? = 0
configure:3599: result: yes
configure:3608: checking whether /home/alon/Dev/emscripten/emcc accepts -g
configure:3628: /home/alon/Dev/emscripten/emcc -c -g  conftest.c >&5
clang-3: warning: argument unused during compilation: '-nostdinc++'
configure:3628: $? = 0
configure: failed program was:
| /* confdefs.h */
| #define PACKAGE_NAME ""
| #define PACKAGE_TARNAME ""
| #define PACKAGE_VERSION ""
| #define PACKAGE_STRING ""
| #define PACKAGE_BUGREPORT ""
| #define PACKAGE_URL ""
| #define PACKAGE "libxml2"
| #define VERSION "2.7.8"
| /* end confdefs.h.  */
| 
| int
| main ()
| {
| 
|   ;
|   return 0;
| }
configure:3643: /home/alon/Dev/emscripten/emcc -c   conftest.c >&5
clang-3: warning: argument unused during compilation: '-nostdinc++'
configure:3643: $? = 0
configure: failed program was:
| /* confdefs.h */
| #define PACKAGE_NAME ""
| #define PACKAGE_TARNAME ""
| #define PACKAGE_VERSION ""
| #define PACKAGE_STRING ""
| #define PACKAGE_BUGREPORT ""
| #define PACKAGE_URL ""
| #define PACKAGE "libxml2"
| #define VERSION "2.7.8"
| /* end confdefs.h.  */
| 
| int
| main ()
| {
| 
|   ;
|   return 0;
| }
configure:3659: /home/alon/Dev/emscripten/emcc -c -g  conftest.c >&5
clang-3: warning: argument unused during compilation: '-nostdinc++'
configure:3659: $? = 0
configure:3669: result: yes
configure:3686: checking for /home/alon/Dev/emscripten/emcc option to accept ISO C89
configure:3750: /home/alon/Dev/emscripten/emcc  -c   conftest.c >&5
clang-3: warning: argument unused during compilation: '-nostdinc++'
configure:3750: $? = 0
configure:3763: result: none needed
configure:3794: checking for style of include used by make
configure:3822: result: GNU
configure:3847: checking dependency style of /home/alon/Dev/emscripten/emcc
configure:3957: result: gcc3
configure:3979: checking how to run the C preprocessor
configure:4010: /home/alon/Dev/emscripten/emcc -E  conftest.c
clang-3: warning: argument unused during compilation: '-nostdinc++'
configure:4010: $? = 0
configure:4024: /home/alon/Dev/emscripten/emcc -E  conftest.c
clang-3: warning: argument unused during compilation: '-nostdinc++'
conftest.c:11:10: fatal error: 'ac_nonexistent.h' file not found
#include <ac_nonexistent.h>
         ^
1 error generated.
configure:4024: $? = 1
configure: failed program was:
| /* confdefs.h */
| #define PACKAGE_NAME ""
| #define PACKAGE_TARNAME ""
| #define PACKAGE_VERSION ""
| #define PACKAGE_STRING ""
| #define PACKAGE_BUGREPORT ""
| #define PACKAGE_URL ""
| #define PACKAGE "libxml2"
| #define VERSION "2.7.8"
| /* end confdefs.h.  */
| #include <ac_nonexistent.h>
configure:4049: result: /home/alon/Dev/emscripten/emcc -E
configure:4069: /home/alon/Dev/emscripten/emcc -E  conftest.c
clang-3: warning: argument unused during compilation: '-nostdinc++'
configure:4069: $? = 0
configure:4083: /home/alon/Dev/emscripten/emcc -E  conftest.c
clang-3: warning: argument unused during compilation: '-nostdinc++'
conftest.c:11:10: fatal error: 'ac_nonexistent.h' file not found
#include <ac_nonexistent.h>
         ^
1 error generated.
configure:4083: $? = 1
configure: failed program was:
| /* confdefs.h */
| #define PACKAGE_NAME ""
| #define PACKAGE_TARNAME ""
| #define PACKAGE_VERSION ""
| #define PACKAGE_STRING ""
| #define PACKAGE_BUGREPORT ""
| #define PACKAGE_URL ""
| #define PACKAGE "libxml2"
| #define VERSION "2.7.8"
| /* end confdefs.h.  */
| #include <ac_nonexistent.h>
configure:4113: checking for rm
configure:4131: found /bin/rm
configure:4144: result: /bin/rm
configure:4154: checking for mv
configure:4172: found /bin/mv
configure:4185: result: /bin/mv
configure:4195: checking for tar
configure:4213: found /bin/tar
configure:4226: result: /bin/tar
configure:4236: checking for perl
configure:4254: found /usr/bin/perl
configure:4267: result: /usr/bin/perl
configure:4277: checking for wget
configure:4295: found /usr/bin/wget
configure:4308: result: /usr/bin/wget
configure:4318: checking for xmllint
configure:4336: found /usr/bin/xmllint
configure:4349: result: /usr/bin/xmllint
configure:4359: checking for xsltproc
configure:4390: result: /usr/bin/xsltproc
configure:4399: checking for function prototypes
configure:4402: result: yes
configure:4417: checking for grep that handles long lines and -e
configure:4475: result: /bin/grep
configure:4480: checking for egrep
configure:4542: result: /bin/grep -E
configure:4547: checking for ANSI C header files
configure:4567: /home/alon/Dev/emscripten/emcc -c   conftest.c >&5
clang-3: warning: argument unused during compilation: '-nostdinc++'
configure:4567: $? = 0
clang-3: warning: argument unused during compilation: '-nostdinc++'
clang-3: warning: argument unused during compilation: '-nostdinc++'
configure:4640: /home/alon/Dev/emscripten/emcc -o conftest    conftest.c  >&5
clang-3: warning: argument unused during compilation: '-nostdinc++'
configure:4640: $? = 0
configure:4640: ./conftest
configure:4640: $? = 0
configure:4651: result: yes
configure:4664: checking for sys/types.h
configure:4664: /home/alon/Dev/emscripten/emcc -c   conftest.c >&5
clang-3: warning: argument unused during compilation: '-nostdinc++'
configure:4664: $? = 0
configure:4664: result: yes
configure:4664: checking for sys/stat.h
configure:4664: /home/alon/Dev/emscripten/emcc -c   conftest.c >&5
clang-3: warning: argument unused during compilation: '-nostdinc++'
configure:4664: $? = 0
configure:4664: result: yes
configure:4664: checking for stdlib.h
configure:4664: /home/alon/Dev/emscripten/emcc -c   conftest.c >&5
clang-3: warning: argument unused during compilation: '-nostdinc++'
configure:4664: $? = 0
configure:4664: result: yes
configure:4664: checking for string.h
configure:4664: /home/alon/Dev/emscripten/emcc -c   conftest.c >&5
clang-3: warning: argument unused during compilation: '-nostdinc++'
configure:4664: $? = 0
configure:4664: result: yes
configure:4664: checking for memory.h
configure:4664: /home/alon/Dev/emscripten/emcc -c   conftest.c >&5
clang-3: warning: argument unused during compilation: '-nostdinc++'
configure:4664: $? = 0
configure:4664: result: yes
configure:4664: checking for strings.h
configure:4664: /home/alon/Dev/emscripten/emcc -c   conftest.c >&5
clang-3: warning: argument unused during compilation: '-nostdinc++'
configure:4664: $? = 0
configure:4664: result: yes
configure:4664: checking for inttypes.h
configure:4664: /home/alon/Dev/emscripten/emcc -c   conftest.c >&5
clang-3: warning: argument unused during compilation: '-nostdinc++'
configure:4664: $? = 0
configure:4664: result: yes
configure:4664: checking for stdint.h
configure:4664: /home/alon/Dev/emscripten/emcc -c   conftest.c >&5
clang-3: warning: argument unused during compilation: '-nostdinc++'
configure:4664: $? = 0
configure:4664: result: yes
configure:4664: checking for unistd.h
configure:4664: /home/alon/Dev/emscripten/emcc -c   conftest.c >&5
clang-3: warning: argument unused during compilation: '-nostdinc++'
configure:4664: $? = 0
configure:4664: result: yes
configure:4686: checking for string.h
configure:4686: result: yes
configure:5048: checking how to print strings
configure:5075: result: printf
configure:5096: checking for a sed that does not truncate output
configure:5160: result: /bin/sed
configure:5178: checking for fgrep
configure:5240: result: /bin/grep -F
configure:5275: checking for ld used by /home/alon/Dev/emscripten/emcc
configure:5342: result: /usr/bin/ld
configure:5349: checking if the linker (/usr/bin/ld) is GNU ld
configure:5364: result: yes
configure:5376: checking for BSD- or MS-compatible name lister (nm)
configure:5425: result: /usr/bin/nm -B
configure:5555: checking the name lister (/usr/bin/nm -B) interface
configure:5562: /home/alon/Dev/emscripten/emcc -c   conftest.c >&5
clang-3: warning: argument unused during compilation: '-nostdinc++'
configure:5565: /usr/bin/nm -B "conftest.o"
configure:5568: output
00000000 B some_variable
configure:5575: result: BSD nm
configure:5578: checking whether ln -s works
configure:5582: result: yes
configure:5590: checking the maximum length of command line arguments
configure:5715: result: 1572864
configure:5732: checking whether the shell understands some XSI constructs
configure:5742: result: yes
configure:5746: checking whether the shell understands "+="
configure:5752: result: yes
configure:5787: checking for /usr/bin/ld option to reload object files
configure:5794: result: -r
configure:5863: checking for objdump
configure:5890: result: objdump
configure:5919: checking how to recognize dependent libraries
configure:6121: result: pass_all
configure:6181: checking for ar
configure:6208: result: /home/alon/Dev/emscripten/emar
configure:6286: checking for strip
configure:6302: found /usr/bin/strip
configure:6313: result: strip
configure:6385: checking for ranlib
configure:6412: result: /home/alon/Dev/emscripten/emranlib
configure:6514: checking command to parse /usr/bin/nm -B output from /home/alon/Dev/emscripten/emcc object
configure:6632: /home/alon/Dev/emscripten/emcc -c   conftest.c >&5
clang-3: warning: argument unused during compilation: '-nostdinc++'
configure:6635: $? = 0
configure:6639: /usr/bin/nm -B conftest.o \| sed -n -e 's/^.*[ ]\([ABCDGIRSTW][ABCDGIRSTW]*\)[ ][ ]*\([_A-Za-z][_A-Za-z0-9]*\)$/\1 \2 \2/p' \> conftest.nm
configure:6642: $? = 0
configure:6696: /home/alon/Dev/emscripten/emcc -o conftest    conftest.c conftstm.o >&5
clang-3: warning: argument unused during compilation: '-nostdinc++'
configure:6699: $? = 0
configure:6737: result: ok
configure:7574: checking for dlfcn.h
configure:7574: /home/alon/Dev/emscripten/emcc -c   conftest.c >&5
clang-3: warning: argument unused during compilation: '-nostdinc++'
configure:7574: $? = 0
configure:7574: result: yes
configure:7759: checking for objdir
configure:7774: result: .libs
configure:8045: checking if /home/alon/Dev/emscripten/emcc supports -fno-rtti -fno-exceptions
configure:8063: /home/alon/Dev/emscripten/emcc -c   -fno-rtti -fno-exceptions conftest.c >&5
clang-3: warning: argument unused during compilation: '-nostdinc++'
configure:8067: $? = 0
configure:8080: result: yes
configure:8100: checking for /home/alon/Dev/emscripten/emcc option to produce PIC
configure:8385: result: -fPIC -DPIC
configure:8397: checking if /home/alon/Dev/emscripten/emcc PIC flag -fPIC -DPIC works
configure:8415: /home/alon/Dev/emscripten/emcc -c   -fPIC -DPIC -DPIC conftest.c >&5
clang-3: warning: argument unused during compilation: '-nostdinc++'
configure:8419: $? = 0
configure:8432: result: yes
configure:8456: checking if /home/alon/Dev/emscripten/emcc static flag -static works
clang-3: warning: argument unused during compilation: '-nostdinc++'
configure:8484: result: yes
configure:8499: checking if /home/alon/Dev/emscripten/emcc supports -c -o file.o
configure:8520: /home/alon/Dev/emscripten/emcc -c   -o out/conftest2.o conftest.c >&5
clang-3: warning: argument unused during compilation: '-nostdinc++'
configure:8524: $? = 0
configure:8546: result: yes
configure:8554: checking if /home/alon/Dev/emscripten/emcc supports -c -o file.o
configure:8601: result: yes
configure:8634: checking whether the /home/alon/Dev/emscripten/emcc linker (/usr/bin/ld) supports shared libraries
configure:9709: result: yes
configure:9746: checking whether -lc should be explicitly linked in
configure:9754: /home/alon/Dev/emscripten/emcc -c   conftest.c >&5
clang-3: warning: argument unused during compilation: '-nostdinc++'
configure:9757: $? = 0
configure:9772: /home/alon/Dev/emscripten/emcc -shared conftest.o  -v -Wl,-soname -Wl,conftest -o conftest 2\>\&1 \| /bin/grep  -lc  \>/dev/null 2\>\&1
configure:9775: $? = 0
configure:9789: result: no
configure:9954: checking dynamic linker characteristics
configure:10409: /home/alon/Dev/emscripten/emcc -o conftest    -Wl,-rpath -Wl,/foo conftest.c  >&5
clang-3: warning: argument unused during compilation: '-nostdinc++'
configure:10409: $? = 0
configure:10635: result: GNU/Linux ld.so
configure:10742: checking how to hardcode library paths into programs
configure:10767: result: immediate
configure:11307: checking whether stripping libraries is possible
configure:11312: result: yes
configure:11347: checking if libtool supports shared libraries
configure:11349: result: yes
configure:11352: checking whether to build shared libraries
configure:11373: result: yes
configure:11376: checking whether to build static libraries
configure:11380: result: yes
configure:11875: checking zlib.h usability
configure:11875: /home/alon/Dev/emscripten/emcc -c   conftest.c >&5
clang-3: warning: argument unused during compilation: '-nostdinc++'
configure:11875: $? = 0
configure:11875: result: yes
configure:11875: checking zlib.h presence
configure:11875: /home/alon/Dev/emscripten/emcc -E  conftest.c
clang-3: warning: argument unused during compilation: '-nostdinc++'
configure:11875: $? = 0
configure:11875: result: yes
configure:11875: checking for zlib.h
configure:11875: result: yes
configure:11880: checking for gzread in -lz
configure:11905: /home/alon/Dev/emscripten/emcc -o conftest    conftest.c -lz   >&5
clang-3: warning: argument unused during compilation: '-nostdinc++'
configure:11905: $? = 0
configure:11914: result: yes
configure:11953: checking for dirent.h that defines DIR
configure:11972: /home/alon/Dev/emscripten/emcc -c   conftest.c >&5
clang-3: warning: argument unused during compilation: '-nostdinc++'
configure:11972: $? = 0
configure:11980: result: yes
configure:11993: checking for library containing opendir
configure:12024: /home/alon/Dev/emscripten/emcc -o conftest    conftest.c  >&5
clang-3: warning: argument unused during compilation: '-nostdinc++'
configure:12024: $? = 0
configure:12041: result: none required
configure:12108: checking for ANSI C header files
configure:12212: result: yes
configure:12222: checking fcntl.h usability
configure:12222: /home/alon/Dev/emscripten/emcc -c   conftest.c >&5
clang-3: warning: argument unused during compilation: '-nostdinc++'
configure:12222: $? = 0
configure:12222: result: yes
configure:12222: checking fcntl.h presence
configure:12222: /home/alon/Dev/emscripten/emcc -E  conftest.c
clang-3: warning: argument unused during compilation: '-nostdinc++'
configure:12222: $? = 0
configure:12222: result: yes
configure:12222: checking for fcntl.h
configure:12222: result: yes
configure:12234: checking for unistd.h
configure:12234: result: yes
configure:12246: checking ctype.h usability
configure:12246: /home/alon/Dev/emscripten/emcc -c   conftest.c >&5
clang-3: warning: argument unused during compilation: '-nostdinc++'
configure:12246: $? = 0
configure:12246: result: yes
configure:12246: checking ctype.h presence
configure:12246: /home/alon/Dev/emscripten/emcc -E  conftest.c
clang-3: warning: argument unused during compilation: '-nostdinc++'
configure:12246: $? = 0
configure:12246: result: yes
configure:12246: checking for ctype.h
configure:12246: result: yes
configure:12258: checking dirent.h usability
configure:12258: /home/alon/Dev/emscripten/emcc -c   conftest.c >&5
clang-3: warning: argument unused during compilation: '-nostdinc++'
configure:12258: $? = 0
configure:12258: result: yes
configure:12258: checking dirent.h presence
configure:12258: /home/alon/Dev/emscripten/emcc -E  conftest.c
clang-3: warning: argument unused during compilation: '-nostdinc++'
configure:12258: $? = 0
configure:12258: result: yes
configure:12258: checking for dirent.h
configure:12258: result: yes
configure:12270: checking errno.h usability
configure:12270: /home/alon/Dev/emscripten/emcc -c   conftest.c >&5
clang-3: warning: argument unused during compilation: '-nostdinc++'
configure:12270: $? = 0
configure:12270: result: yes
configure:12270: checking errno.h presence
configure:12270: /home/alon/Dev/emscripten/emcc -E  conftest.c
clang-3: warning: argument unused during compilation: '-nostdinc++'
configure:12270: $? = 0
configure:12270: result: yes
configure:12270: checking for errno.h
configure:12270: result: yes
configure:12282: checking malloc.h usability
configure:12282: /home/alon/Dev/emscripten/emcc -c   conftest.c >&5
clang-3: warning: argument unused during compilation: '-nostdinc++'
configure:12282: $? = 0
configure:12282: result: yes
configure:12282: checking malloc.h presence
configure:12282: /home/alon/Dev/emscripten/emcc -E  conftest.c
clang-3: warning: argument unused during compilation: '-nostdinc++'
configure:12282: $? = 0
configure:12282: result: yes
configure:12282: checking for malloc.h
configure:12282: result: yes
configure:12294: checking stdarg.h usability
configure:12294: /home/alon/Dev/emscripten/emcc -c   conftest.c >&5
clang-3: warning: argument unused during compilation: '-nostdinc++'
configure:12294: $? = 0
configure:12294: result: yes
configure:12294: checking stdarg.h presence
configure:12294: /home/alon/Dev/emscripten/emcc -E  conftest.c
clang-3: warning: argument unused during compilation: '-nostdinc++'
configure:12294: $? = 0
configure:12294: result: yes
configure:12294: checking for stdarg.h
configure:12294: result: yes
configure:12306: checking for sys/stat.h
configure:12306: result: yes
configure:12318: checking for sys/types.h
configure:12318: result: yes
configure:12330: checking for stdint.h
configure:12330: result: yes
configure:12342: checking inttypes.h.h usability
configure:12342: /home/alon/Dev/emscripten/emcc -c   conftest.c >&5
clang-3: warning: argument unused during compilation: '-nostdinc++'
conftest.c:73:10: fatal error: 'inttypes.h.h' file not found
#include <inttypes.h.h>
         ^
1 error generated.
configure:12342: $? = 1
configure: failed program was:
| /* confdefs.h */
| #define PACKAGE_NAME ""
| #define PACKAGE_TARNAME ""
| #define PACKAGE_VERSION ""
| #define PACKAGE_STRING ""
| #define PACKAGE_BUGREPORT ""
| #define PACKAGE_URL ""
| #define PACKAGE "libxml2"
| #define VERSION "2.7.8"
| #define PROTOTYPES 1
| #define __PROTOTYPES 1
| #define STDC_HEADERS 1
| #define HAVE_SYS_TYPES_H 1
| #define HAVE_SYS_STAT_H 1
| #define HAVE_STDLIB_H 1
| #define HAVE_STRING_H 1
| #define HAVE_MEMORY_H 1
| #define HAVE_STRINGS_H 1
| #define HAVE_INTTYPES_H 1
| #define HAVE_STDINT_H 1
| #define HAVE_UNISTD_H 1
| #define HAVE_STRING_H 1
| #define HAVE_DLFCN_H 1
| #define LT_OBJDIR ".libs/"
| #define HAVE_ZLIB_H 1
| #define HAVE_LIBZ 1
| #define HAVE_DIRENT_H 1
| #define STDC_HEADERS 1
| #define HAVE_FCNTL_H 1
| #define HAVE_UNISTD_H 1
| #define HAVE_CTYPE_H 1
| #define HAVE_DIRENT_H 1
| #define HAVE_ERRNO_H 1
| #define HAVE_MALLOC_H 1
| #define HAVE_STDARG_H 1
| #define HAVE_SYS_STAT_H 1
| #define HAVE_SYS_TYPES_H 1
| #define HAVE_STDINT_H 1
| /* end confdefs.h.  */
| #include <stdio.h>
| #ifdef HAVE_SYS_TYPES_H
| # include <sys/types.h>
| #endif
| #ifdef HAVE_SYS_STAT_H
| # include <sys/stat.h>
| #endif
| #ifdef STDC_HEADERS
| # include <stdlib.h>
| # include <stddef.h>
| #else
| # ifdef HAVE_STDLIB_H
| #  include <stdlib.h>
| # endif
| #endif
| #ifdef HAVE_STRING_H
| # if !defined STDC_HEADERS && defined HAVE_MEMORY_H
| #  include <memory.h>
| # endif
| # include <string.h>
| #endif
| #ifdef HAVE_STRINGS_H
| # include <strings.h>
| #endif
| #ifdef HAVE_INTTYPES_H
| # include <inttypes.h>
| #endif
| #ifdef HAVE_STDINT_H
| # include <stdint.h>
| #endif
| #ifdef HAVE_UNISTD_H
| # include <unistd.h>
| #endif
| #include <inttypes.h.h>
configure:12342: result: no
configure:12342: checking inttypes.h.h presence
configure:12342: /home/alon/Dev/emscripten/emcc -E  conftest.c
clang-3: warning: argument unused during compilation: '-nostdinc++'
conftest.c:40:10: fatal error: 'inttypes.h.h' file not found
#include <inttypes.h.h>
         ^
1 error generated.
configure:12342: $? = 1
configure: failed program was:
| /* confdefs.h */
| #define PACKAGE_NAME ""
| #define PACKAGE_TARNAME ""
| #define PACKAGE_VERSION ""
| #define PACKAGE_STRING ""
| #define PACKAGE_BUGREPORT ""
| #define PACKAGE_URL ""
| #define PACKAGE "libxml2"
| #define VERSION "2.7.8"
| #define PROTOTYPES 1
| #define __PROTOTYPES 1
| #define STDC_HEADERS 1
| #define HAVE_SYS_TYPES_H 1
| #define HAVE_SYS_STAT_H 1
| #define HAVE_STDLIB_H 1
| #define HAVE_STRING_H 1
| #define HAVE_MEMORY_H 1
| #define HAVE_STRINGS_H 1
| #define HAVE_INTTYPES_H 1
| #define HAVE_STDINT_H 1
| #define HAVE_UNISTD_H 1
| #define HAVE_STRING_H 1
| #define HAVE_DLFCN_H 1
| #define LT_OBJDIR ".libs/"
| #define HAVE_ZLIB_H 1
| #define HAVE_LIBZ 1
| #define HAVE_DIRENT_H 1
| #define STDC_HEADERS 1
| #define HAVE_FCNTL_H 1
| #define HAVE_UNISTD_H 1
| #define HAVE_CTYPE_H 1
| #define HAVE_DIRENT_H 1
| #define HAVE_ERRNO_H 1
| #define HAVE_MALLOC_H 1
| #define HAVE_STDARG_H 1
| #define HAVE_SYS_STAT_H 1
| #define HAVE_SYS_TYPES_H 1
| #define HAVE_STDINT_H 1
| /* end confdefs.h.  */
| #include <inttypes.h.h>
configure:12342: result: no
configure:12342: checking for inttypes.h.h
configure:12342: result: no
configure:12354: checking time.h usability
configure:12354: /home/alon/Dev/emscripten/emcc -c   conftest.c >&5
clang-3: warning: argument unused during compilation: '-nostdinc++'
configure:12354: $? = 0
configure:12354: result: yes
configure:12354: checking time.h presence
configure:12354: /home/alon/Dev/emscripten/emcc -E  conftest.c
clang-3: warning: argument unused during compilation: '-nostdinc++'
configure:12354: $? = 0
configure:12354: result: yes
configure:12354: checking for time.h
configure:12354: result: yes
configure:12366: checking ansidecl.h usability
configure:12366: /home/alon/Dev/emscripten/emcc -c   conftest.c >&5
clang-3: warning: argument unused during compilation: '-nostdinc++'
conftest.c:74:10: fatal error: 'ansidecl.h' file not found
#include <ansidecl.h>
         ^
1 error generated.
configure:12366: $? = 1
configure: failed program was:
| /* confdefs.h */
| #define PACKAGE_NAME ""
| #define PACKAGE_TARNAME ""
| #define PACKAGE_VERSION ""
| #define PACKAGE_STRING ""
| #define PACKAGE_BUGREPORT ""
| #define PACKAGE_URL ""
| #define PACKAGE "libxml2"
| #define VERSION "2.7.8"
| #define PROTOTYPES 1
| #define __PROTOTYPES 1
| #define STDC_HEADERS 1
| #define HAVE_SYS_TYPES_H 1
| #define HAVE_SYS_STAT_H 1
| #define HAVE_STDLIB_H 1
| #define HAVE_STRING_H 1
| #define HAVE_MEMORY_H 1
| #define HAVE_STRINGS_H 1
| #define HAVE_INTTYPES_H 1
| #define HAVE_STDINT_H 1
| #define HAVE_UNISTD_H 1
| #define HAVE_STRING_H 1
| #define HAVE_DLFCN_H 1
| #define LT_OBJDIR ".libs/"
| #define HAVE_ZLIB_H 1
| #define HAVE_LIBZ 1
| #define HAVE_DIRENT_H 1
| #define STDC_HEADERS 1
| #define HAVE_FCNTL_H 1
| #define HAVE_UNISTD_H 1
| #define HAVE_CTYPE_H 1
| #define HAVE_DIRENT_H 1
| #define HAVE_ERRNO_H 1
| #define HAVE_MALLOC_H 1
| #define HAVE_STDARG_H 1
| #define HAVE_SYS_STAT_H 1
| #define HAVE_SYS_TYPES_H 1
| #define HAVE_STDINT_H 1
| #define HAVE_TIME_H 1
| /* end confdefs.h.  */
| #include <stdio.h>
| #ifdef HAVE_SYS_TYPES_H
| # include <sys/types.h>
| #endif
| #ifdef HAVE_SYS_STAT_H
| # include <sys/stat.h>
| #endif
| #ifdef STDC_HEADERS
| # include <stdlib.h>
| # include <stddef.h>
| #else
| # ifdef HAVE_STDLIB_H
| #  include <stdlib.h>
| # endif
| #endif
| #ifdef HAVE_STRING_H
| # if !defined STDC_HEADERS && defined HAVE_MEMORY_H
| #  include <memory.h>
| # endif
| # include <string.h>
| #endif
| #ifdef HAVE_STRINGS_H
| # include <strings.h>
| #endif
| #ifdef HAVE_INTTYPES_H
| # include <inttypes.h>
| #endif
| #ifdef HAVE_STDINT_H
| # include <stdint.h>
| #endif
| #ifdef HAVE_UNISTD_H
| # include <unistd.h>
| #endif
| #include <ansidecl.h>
configure:12366: result: no
configure:12366: checking ansidecl.h presence
configure:12366: /home/alon/Dev/emscripten/emcc -E  conftest.c
clang-3: warning: argument unused during compilation: '-nostdinc++'
conftest.c:41:10: fatal error: 'ansidecl.h' file not found
#include <ansidecl.h>
         ^
1 error generated.
configure:12366: $? = 1
configure: failed program was:
| /* confdefs.h */
| #define PACKAGE_NAME ""
| #define PACKAGE_TARNAME ""
| #define PACKAGE_VERSION ""
| #define PACKAGE_STRING ""
| #define PACKAGE_BUGREPORT ""
| #define PACKAGE_URL ""
| #define PACKAGE "libxml2"
| #define VERSION "2.7.8"
| #define PROTOTYPES 1
| #define __PROTOTYPES 1
| #define STDC_HEADERS 1
| #define HAVE_SYS_TYPES_H 1
| #define HAVE_SYS_STAT_H 1
| #define HAVE_STDLIB_H 1
| #define HAVE_STRING_H 1
| #define HAVE_MEMORY_H 1
| #define HAVE_STRINGS_H 1
| #define HAVE_INTTYPES_H 1
| #define HAVE_STDINT_H 1
| #define HAVE_UNISTD_H 1
| #define HAVE_STRING_H 1
| #define HAVE_DLFCN_H 1
| #define LT_OBJDIR ".libs/"
| #define HAVE_ZLIB_H 1
| #define HAVE_LIBZ 1
| #define HAVE_DIRENT_H 1
| #define STDC_HEADERS 1
| #define HAVE_FCNTL_H 1
| #define HAVE_UNISTD_H 1
| #define HAVE_CTYPE_H 1
| #define HAVE_DIRENT_H 1
| #define HAVE_ERRNO_H 1
| #define HAVE_MALLOC_H 1
| #define HAVE_STDARG_H 1
| #define HAVE_SYS_STAT_H 1
| #define HAVE_SYS_TYPES_H 1
| #define HAVE_STDINT_H 1
| #define HAVE_TIME_H 1
| /* end confdefs.h.  */
| #include <ansidecl.h>
configure:12366: result: no
configure:12366: checking for ansidecl.h
configure:12366: result: no
configure:12378: checking ieeefp.h usability
configure:12378: /home/alon/Dev/emscripten/emcc -c   conftest.c >&5
clang-3: warning: argument unused during compilation: '-nostdinc++'
configure:12378: $? = 0
configure:12378: result: yes
configure:12378: checking ieeefp.h presence
configure:12378: /home/alon/Dev/emscripten/emcc -E  conftest.c
clang-3: warning: argument unused during compilation: '-nostdinc++'
configure:12378: $? = 0
configure:12378: result: yes
configure:12378: checking for ieeefp.h
configure:12378: result: yes
configure:12390: checking nan.h usability
configure:12390: /home/alon/Dev/emscripten/emcc -c   conftest.c >&5
clang-3: warning: argument unused during compilation: '-nostdinc++'
conftest.c:75:10: fatal error: 'nan.h' file not found
#include <nan.h>
         ^
1 error generated.
configure:12390: $? = 1
configure: failed program was:
| /* confdefs.h */
| #define PACKAGE_NAME ""
| #define PACKAGE_TARNAME ""
| #define PACKAGE_VERSION ""
| #define PACKAGE_STRING ""
| #define PACKAGE_BUGREPORT ""
| #define PACKAGE_URL ""
| #define PACKAGE "libxml2"
| #define VERSION "2.7.8"
| #define PROTOTYPES 1
| #define __PROTOTYPES 1
| #define STDC_HEADERS 1
| #define HAVE_SYS_TYPES_H 1
| #define HAVE_SYS_STAT_H 1
| #define HAVE_STDLIB_H 1
| #define HAVE_STRING_H 1
| #define HAVE_MEMORY_H 1
| #define HAVE_STRINGS_H 1
| #define HAVE_INTTYPES_H 1
| #define HAVE_STDINT_H 1
| #define HAVE_UNISTD_H 1
| #define HAVE_STRING_H 1
| #define HAVE_DLFCN_H 1
| #define LT_OBJDIR ".libs/"
| #define HAVE_ZLIB_H 1
| #define HAVE_LIBZ 1
| #define HAVE_DIRENT_H 1
| #define STDC_HEADERS 1
| #define HAVE_FCNTL_H 1
| #define HAVE_UNISTD_H 1
| #define HAVE_CTYPE_H 1
| #define HAVE_DIRENT_H 1
| #define HAVE_ERRNO_H 1
| #define HAVE_MALLOC_H 1
| #define HAVE_STDARG_H 1
| #define HAVE_SYS_STAT_H 1
| #define HAVE_SYS_TYPES_H 1
| #define HAVE_STDINT_H 1
| #define HAVE_TIME_H 1
| #define HAVE_IEEEFP_H 1
| /* end confdefs.h.  */
| #include <stdio.h>
| #ifdef HAVE_SYS_TYPES_H
| # include <sys/types.h>
| #endif
| #ifdef HAVE_SYS_STAT_H
| # include <sys/stat.h>
| #endif
| #ifdef STDC_HEADERS
| # include <stdlib.h>
| # include <stddef.h>
| #else
| # ifdef HAVE_STDLIB_H
| #  include <stdlib.h>
| # endif
| #endif
| #ifdef HAVE_STRING_H
| # if !defined STDC_HEADERS && defined HAVE_MEMORY_H
| #  include <memory.h>
| # endif
| # include <string.h>
| #endif
| #ifdef HAVE_STRINGS_H
| # include <strings.h>
| #endif
| #ifdef HAVE_INTTYPES_H
| # include <inttypes.h>
| #endif
| #ifdef HAVE_STDINT_H
| # include <stdint.h>
| #endif
| #ifdef HAVE_UNISTD_H
| # include <unistd.h>
| #endif
| #include <nan.h>
configure:12390: result: no
configure:12390: checking nan.h presence
configure:12390: /home/alon/Dev/emscripten/emcc -E  conftest.c
clang-3: warning: argument unused during compilation: '-nostdinc++'
conftest.c:42:10: fatal error: 'nan.h' file not found
#include <nan.h>
         ^
1 error generated.
configure:12390: $? = 1
configure: failed program was:
| /* confdefs.h */
| #define PACKAGE_NAME ""
| #define PACKAGE_TARNAME ""
| #define PACKAGE_VERSION ""
| #define PACKAGE_STRING ""
| #define PACKAGE_BUGREPORT ""
| #define PACKAGE_URL ""
| #define PACKAGE "libxml2"
| #define VERSION "2.7.8"
| #define PROTOTYPES 1
| #define __PROTOTYPES 1
| #define STDC_HEADERS 1
| #define HAVE_SYS_TYPES_H 1
| #define HAVE_SYS_STAT_H 1
| #define HAVE_STDLIB_H 1
| #define HAVE_STRING_H 1
| #define HAVE_MEMORY_H 1
| #define HAVE_STRINGS_H 1
| #define HAVE_INTTYPES_H 1
| #define HAVE_STDINT_H 1
| #define HAVE_UNISTD_H 1
| #define HAVE_STRING_H 1
| #define HAVE_DLFCN_H 1
| #define LT_OBJDIR ".libs/"
| #define HAVE_ZLIB_H 1
| #define HAVE_LIBZ 1
| #define HAVE_DIRENT_H 1
| #define STDC_HEADERS 1
| #define HAVE_FCNTL_H 1
| #define HAVE_UNISTD_H 1
| #define HAVE_CTYPE_H 1
| #define HAVE_DIRENT_H 1
| #define HAVE_ERRNO_H 1
| #define HAVE_MALLOC_H 1
| #define HAVE_STDARG_H 1
| #define HAVE_SYS_STAT_H 1
| #define HAVE_SYS_TYPES_H 1
| #define HAVE_STDINT_H 1
| #define HAVE_TIME_H 1
| #define HAVE_IEEEFP_H 1
| /* end confdefs.h.  */
| #include <nan.h>
configure:12390: result: no
configure:12390: checking for nan.h
configure:12390: result: no
configure:12402: checking math.h usability
configure:12402: /home/alon/Dev/emscripten/emcc -c   conftest.c >&5
clang-3: warning: argument unused during compilation: '-nostdinc++'
configure:12402: $? = 0
configure:12402: result: yes
configure:12402: checking math.h presence
configure:12402: /home/alon/Dev/emscripten/emcc -E  conftest.c
clang-3: warning: argument unused during compilation: '-nostdinc++'
configure:12402: $? = 0
configure:12402: result: yes
configure:12402: checking for math.h
configure:12402: result: yes
configure:12414: checking limits.h usability
configure:12414: /home/alon/Dev/emscripten/emcc -c   conftest.c >&5
clang-3: warning: argument unused during compilation: '-nostdinc++'
configure:12414: $? = 0
configure:12414: result: yes
configure:12414: checking limits.h presence
configure:12414: /home/alon/Dev/emscripten/emcc -E  conftest.c
clang-3: warning: argument unused during compilation: '-nostdinc++'
configure:12414: $? = 0
configure:12414: result: yes
configure:12414: checking for limits.h
configure:12414: result: yes
configure:12426: checking fp_class.h usability
configure:12426: /home/alon/Dev/emscripten/emcc -c   conftest.c >&5
clang-3: warning: argument unused during compilation: '-nostdinc++'
conftest.c:77:10: fatal error: 'fp_class.h' file not found
#include <fp_class.h>
         ^
1 error generated.
configure:12426: $? = 1
configure: failed program was:
| /* confdefs.h */
| #define PACKAGE_NAME ""
| #define PACKAGE_TARNAME ""
| #define PACKAGE_VERSION ""
| #define PACKAGE_STRING ""
| #define PACKAGE_BUGREPORT ""
| #define PACKAGE_URL ""
| #define PACKAGE "libxml2"
| #define VERSION "2.7.8"
| #define PROTOTYPES 1
| #define __PROTOTYPES 1
| #define STDC_HEADERS 1
| #define HAVE_SYS_TYPES_H 1
| #define HAVE_SYS_STAT_H 1
| #define HAVE_STDLIB_H 1
| #define HAVE_STRING_H 1
| #define HAVE_MEMORY_H 1
| #define HAVE_STRINGS_H 1
| #define HAVE_INTTYPES_H 1
| #define HAVE_STDINT_H 1
| #define HAVE_UNISTD_H 1
| #define HAVE_STRING_H 1
| #define HAVE_DLFCN_H 1
| #define LT_OBJDIR ".libs/"
| #define HAVE_ZLIB_H 1
| #define HAVE_LIBZ 1
| #define HAVE_DIRENT_H 1
| #define STDC_HEADERS 1
| #define HAVE_FCNTL_H 1
| #define HAVE_UNISTD_H 1
| #define HAVE_CTYPE_H 1
| #define HAVE_DIRENT_H 1
| #define HAVE_ERRNO_H 1
| #define HAVE_MALLOC_H 1
| #define HAVE_STDARG_H 1
| #define HAVE_SYS_STAT_H 1
| #define HAVE_SYS_TYPES_H 1
| #define HAVE_STDINT_H 1
| #define HAVE_TIME_H 1
| #define HAVE_IEEEFP_H 1
| #define HAVE_MATH_H 1
| #define HAVE_LIMITS_H 1
| /* end confdefs.h.  */
| #include <stdio.h>
| #ifdef HAVE_SYS_TYPES_H
| # include <sys/types.h>
| #endif
| #ifdef HAVE_SYS_STAT_H
| # include <sys/stat.h>
| #endif
| #ifdef STDC_HEADERS
| # include <stdlib.h>
| # include <stddef.h>
| #else
| # ifdef HAVE_STDLIB_H
| #  include <stdlib.h>
| # endif
| #endif
| #ifdef HAVE_STRING_H
| # if !defined STDC_HEADERS && defined HAVE_MEMORY_H
| #  include <memory.h>
| # endif
| # include <string.h>
| #endif
| #ifdef HAVE_STRINGS_H
| # include <strings.h>
| #endif
| #ifdef HAVE_INTTYPES_H
| # include <inttypes.h>
| #endif
| #ifdef HAVE_STDINT_H
| # include <stdint.h>
| #endif
| #ifdef HAVE_UNISTD_H
| # include <unistd.h>
| #endif
| #include <fp_class.h>
configure:12426: result: no
configure:12426: checking fp_class.h presence
configure:12426: /home/alon/Dev/emscripten/emcc -E  conftest.c
clang-3: warning: argument unused during compilation: '-nostdinc++'
conftest.c:44:10: fatal error: 'fp_class.h' file not found
#include <fp_class.h>
         ^
1 error generated.
configure:12426: $? = 1
configure: failed program was:
| /* confdefs.h */
| #define PACKAGE_NAME ""
| #define PACKAGE_TARNAME ""
| #define PACKAGE_VERSION ""
| #define PACKAGE_STRING ""
| #define PACKAGE_BUGREPORT ""
| #define PACKAGE_URL ""
| #define PACKAGE "libxml2"
| #define VERSION "2.7.8"
| #define PROTOTYPES 1
| #define __PROTOTYPES 1
| #define STDC_HEADERS 1
| #define HAVE_SYS_TYPES_H 1
| #define HAVE_SYS_STAT_H 1
| #define HAVE_STDLIB_H 1
| #define HAVE_STRING_H 1
| #define HAVE_MEMORY_H 1
| #define HAVE_STRINGS_H 1
| #define HAVE_INTTYPES_H 1
| #define HAVE_STDINT_H 1
| #define HAVE_UNISTD_H 1
| #define HAVE_STRING_H 1
| #define HAVE_DLFCN_H 1
| #define LT_OBJDIR ".libs/"
| #define HAVE_ZLIB_H 1
| #define HAVE_LIBZ 1
| #define HAVE_DIRENT_H 1
| #define STDC_HEADERS 1
| #define HAVE_FCNTL_H 1
| #define HAVE_UNISTD_H 1
| #define HAVE_CTYPE_H 1
| #define HAVE_DIRENT_H 1
| #define HAVE_ERRNO_H 1
| #define HAVE_MALLOC_H 1
| #define HAVE_STDARG_H 1
| #define HAVE_SYS_STAT_H 1
| #define HAVE_SYS_TYPES_H 1
| #define HAVE_STDINT_H 1
| #define HAVE_TIME_H 1
| #define HAVE_IEEEFP_H 1
| #define HAVE_MATH_H 1
| #define HAVE_LIMITS_H 1
| /* end confdefs.h.  */
| #include <fp_class.h>
configure:12426: result: no
configure:12426: checking for fp_class.h
configure:12426: result: no
configure:12438: checking float.h usability
configure:12438: /home/alon/Dev/emscripten/emcc -c   conftest.c >&5
clang-3: warning: argument unused during compilation: '-nostdinc++'
configure:12438: $? = 0
configure:12438: result: yes
configure:12438: checking float.h presence
configure:12438: /home/alon/Dev/emscripten/emcc -E  conftest.c
clang-3: warning: argument unused during compilation: '-nostdinc++'
configure:12438: $? = 0
configure:12438: result: yes
configure:12438: checking for float.h
configure:12438: result: yes
configure:12450: checking for stdlib.h
configure:12450: result: yes
configure:12462: checking for sys/socket.h
configure:12462: /home/alon/Dev/emscripten/emcc -c   conftest.c >&5
clang-3: warning: argument unused during compilation: '-nostdinc++'
configure:12462: $? = 0
configure:12462: result: yes
configure:12478: checking for netinet/in.h
configure:12478: /home/alon/Dev/emscripten/emcc -c   conftest.c >&5
clang-3: warning: argument unused during compilation: '-nostdinc++'
configure:12478: $? = 0
configure:12478: result: yes
configure:12494: checking for arpa/inet.h
configure:12494: /home/alon/Dev/emscripten/emcc -c   conftest.c >&5
clang-3: warning: argument unused during compilation: '-nostdinc++'
configure:12494: $? = 0
configure:12494: result: yes
configure:12513: checking netdb.h usability
configure:12513: /home/alon/Dev/emscripten/emcc -c   conftest.c >&5
clang-3: warning: argument unused during compilation: '-nostdinc++'
In file included from conftest.c:82:
/home/alon/Dev/emscripten/system/include/net/netdb.h:15:3: error: unknown type name 'socklen_t'
  socklen_t ai_addrlen;
  ^
/home/alon/Dev/emscripten/system/include/net/netdb.h:23:46: error: unknown type name 'socklen_t'
extern int getnameinfo (struct sockaddr *sa, socklen_t salen, char *host, socklen_t hostlen, char *serv, socklen_t servlen, unsigned int flags);
                                             ^
/home/alon/Dev/emscripten/system/include/net/netdb.h:23:75: error: unknown type name 'socklen_t'
extern int getnameinfo (struct sockaddr *sa, socklen_t salen, char *host, socklen_t hostlen, char *serv, socklen_t servlen, unsigned int flags);
                                                                          ^
/home/alon/Dev/emscripten/system/include/net/netdb.h:23:106: error: unknown type name 'socklen_t'
extern int getnameinfo (struct sockaddr *sa, socklen_t salen, char *host, socklen_t hostlen, char *serv, socklen_t servlen, unsigned int flags);
                                                                                                         ^
4 errors generated.
configure:12513: $? = 1
configure: failed program was:
| /* confdefs.h */
| #define PACKAGE_NAME ""
| #define PACKAGE_TARNAME ""
| #define PACKAGE_VERSION ""
| #define PACKAGE_STRING ""
| #define PACKAGE_BUGREPORT ""
| #define PACKAGE_URL ""
| #define PACKAGE "libxml2"
| #define VERSION "2.7.8"
| #define PROTOTYPES 1
| #define __PROTOTYPES 1
| #define STDC_HEADERS 1
| #define HAVE_SYS_TYPES_H 1
| #define HAVE_SYS_STAT_H 1
| #define HAVE_STDLIB_H 1
| #define HAVE_STRING_H 1
| #define HAVE_MEMORY_H 1
| #define HAVE_STRINGS_H 1
| #define HAVE_INTTYPES_H 1
| #define HAVE_STDINT_H 1
| #define HAVE_UNISTD_H 1
| #define HAVE_STRING_H 1
| #define HAVE_DLFCN_H 1
| #define LT_OBJDIR ".libs/"
| #define HAVE_ZLIB_H 1
| #define HAVE_LIBZ 1
| #define HAVE_DIRENT_H 1
| #define STDC_HEADERS 1
| #define HAVE_FCNTL_H 1
| #define HAVE_UNISTD_H 1
| #define HAVE_CTYPE_H 1
| #define HAVE_DIRENT_H 1
| #define HAVE_ERRNO_H 1
| #define HAVE_MALLOC_H 1
| #define HAVE_STDARG_H 1
| #define HAVE_SYS_STAT_H 1
| #define HAVE_SYS_TYPES_H 1
| #define HAVE_STDINT_H 1
| #define HAVE_TIME_H 1
| #define HAVE_IEEEFP_H 1
| #define HAVE_MATH_H 1
| #define HAVE_LIMITS_H 1
| #define HAVE_FLOAT_H 1
| #define HAVE_STDLIB_H 1
| #define HAVE_SYS_SOCKET_H 1
| #define HAVE_NETINET_IN_H 1
| #define HAVE_ARPA_INET_H 1
| /* end confdefs.h.  */
| #include <stdio.h>
| #ifdef HAVE_SYS_TYPES_H
| # include <sys/types.h>
| #endif
| #ifdef HAVE_SYS_STAT_H
| # include <sys/stat.h>
| #endif
| #ifdef STDC_HEADERS
| # include <stdlib.h>
| # include <stddef.h>
| #else
| # ifdef HAVE_STDLIB_H
| #  include <stdlib.h>
| # endif
| #endif
| #ifdef HAVE_STRING_H
| # if !defined STDC_HEADERS && defined HAVE_MEMORY_H
| #  include <memory.h>
| # endif
| # include <string.h>
| #endif
| #ifdef HAVE_STRINGS_H
| # include <strings.h>
| #endif
| #ifdef HAVE_INTTYPES_H
| # include <inttypes.h>
| #endif
| #ifdef HAVE_STDINT_H
| # include <stdint.h>
| #endif
| #ifdef HAVE_UNISTD_H
| # include <unistd.h>
| #endif
| #include <netdb.h>
configure:12513: result: no
configure:12513: checking netdb.h presence
configure:12513: /home/alon/Dev/emscripten/emcc -E  conftest.c
clang-3: warning: argument unused during compilation: '-nostdinc++'
configure:12513: $? = 0
configure:12513: result: yes
configure:12513: WARNING: netdb.h: present but cannot be compiled
configure:12513: WARNING: netdb.h:     check for missing prerequisite headers?
configure:12513: WARNING: netdb.h: see the Autoconf documentation
configure:12513: WARNING: netdb.h:     section "Present But Cannot Be Compiled"
configure:12513: WARNING: netdb.h: proceeding with the compiler's result
configure:12513: checking for netdb.h
configure:12513: result: no
configure:12525: checking sys/time.h usability
configure:12525: /home/alon/Dev/emscripten/emcc -c   conftest.c >&5
clang-3: warning: argument unused during compilation: '-nostdinc++'
configure:12525: $? = 0
configure:12525: result: yes
configure:12525: checking sys/time.h presence
configure:12525: /home/alon/Dev/emscripten/emcc -E  conftest.c
clang-3: warning: argument unused during compilation: '-nostdinc++'
configure:12525: $? = 0
configure:12525: result: yes
configure:12525: checking for sys/time.h
configure:12525: result: yes
configure:12537: checking sys/select.h usability
configure:12537: /home/alon/Dev/emscripten/emcc -c   conftest.c >&5
clang-3: warning: argument unused during compilation: '-nostdinc++'
configure:12537: $? = 0
configure:12537: result: yes
configure:12537: checking sys/select.h presence
configure:12537: /home/alon/Dev/emscripten/emcc -E  conftest.c
clang-3: warning: argument unused during compilation: '-nostdinc++'
configure:12537: $? = 0
configure:12537: result: yes
configure:12537: checking for sys/select.h
configure:12537: result: yes
configure:12549: checking poll.h usability
configure:12549: /home/alon/Dev/emscripten/emcc -c   conftest.c >&5
clang-3: warning: argument unused during compilation: '-nostdinc++'
configure:12549: $? = 0
configure:12549: result: yes
configure:12549: checking poll.h presence
configure:12549: /home/alon/Dev/emscripten/emcc -E  conftest.c
clang-3: warning: argument unused during compilation: '-nostdinc++'
configure:12549: $? = 0
configure:12549: result: yes
configure:12549: checking for poll.h
configure:12549: result: yes
configure:12561: checking sys/mman.h usability
configure:12561: /home/alon/Dev/emscripten/emcc -c   conftest.c >&5
clang-3: warning: argument unused during compilation: '-nostdinc++'
configure:12561: $? = 0
configure:12561: result: yes
configure:12561: checking sys/mman.h presence
configure:12561: /home/alon/Dev/emscripten/emcc -E  conftest.c
clang-3: warning: argument unused during compilation: '-nostdinc++'
configure:12561: $? = 0
configure:12561: result: yes
configure:12561: checking for sys/mman.h
configure:12561: result: yes
configure:12573: checking sys/timeb.h usability
configure:12573: /home/alon/Dev/emscripten/emcc -c   conftest.c >&5
clang-3: warning: argument unused during compilation: '-nostdinc++'
configure:12573: $? = 0
configure:12573: result: yes
configure:12573: checking sys/timeb.h presence
configure:12573: /home/alon/Dev/emscripten/emcc -E  conftest.c
clang-3: warning: argument unused during compilation: '-nostdinc++'
configure:12573: $? = 0
configure:12573: result: yes
configure:12573: checking for sys/timeb.h
configure:12573: result: yes
configure:12585: checking signal.h usability
configure:12585: /home/alon/Dev/emscripten/emcc -c   conftest.c >&5
clang-3: warning: argument unused during compilation: '-nostdinc++'
configure:12585: $? = 0
configure:12585: result: yes
configure:12585: checking signal.h presence
configure:12585: /home/alon/Dev/emscripten/emcc -E  conftest.c
clang-3: warning: argument unused during compilation: '-nostdinc++'
configure:12585: $? = 0
configure:12585: result: yes
configure:12585: checking for signal.h
configure:12585: result: yes
configure:12597: checking for arpa/nameser.h
configure:12597: /home/alon/Dev/emscripten/emcc -c   conftest.c >&5
clang-3: warning: argument unused during compilation: '-nostdinc++'
In file included from conftest.c:60:
/home/alon/Dev/emscripten/system/include/net/arpa/nameser.h:116:2: error: unknown type name 'u_int16_t'; did you mean '__int16_t'?
        u_int16_t       _id, _flags, _counts[ns_s_max];
        ^~~~~~~~~
        __int16_t
/home/alon/Dev/emscripten/system/include/libc/machine/_default_types.h:36:22: note: '__int16_t' declared here
typedef signed short __int16_t;
                     ^
In file included from conftest.c:60:
/home/alon/Dev/emscripten/system/include/net/arpa/nameser.h:140:2: error: unknown type name 'u_int16_t'; did you mean '__int16_t'?
        u_int16_t       type;
        ^~~~~~~~~
        __int16_t
/home/alon/Dev/emscripten/system/include/libc/machine/_default_types.h:36:22: note: '__int16_t' declared here
typedef signed short __int16_t;
                     ^
In file included from conftest.c:60:
/home/alon/Dev/emscripten/system/include/net/arpa/nameser.h:141:2: error: unknown type name 'u_int16_t'; did you mean '__int16_t'?
        u_int16_t       rr_class;
        ^~~~~~~~~
        __int16_t
/home/alon/Dev/emscripten/system/include/libc/machine/_default_types.h:36:22: note: '__int16_t' declared here
typedef signed short __int16_t;
                     ^
In file included from conftest.c:60:
/home/alon/Dev/emscripten/system/include/net/arpa/nameser.h:142:2: error: unknown type name 'u_int32_t'; did you mean '__int32_t'?
        u_int32_t       ttl;
        ^~~~~~~~~
        __int32_t
/home/alon/Dev/emscripten/system/include/libc/machine/_default_types.h:58:20: note: '__int32_t' declared here
typedef signed int __int32_t;
                   ^
In file included from conftest.c:60:
/home/alon/Dev/emscripten/system/include/net/arpa/nameser.h:143:2: error: unknown type name 'u_int16_t'; did you mean '__int16_t'?
        u_int16_t       rdlength;
        ^~~~~~~~~
        __int16_t
/home/alon/Dev/emscripten/system/include/libc/machine/_default_types.h:36:22: note: '__int16_t' declared here
typedef signed short __int16_t;
                     ^
In file included from conftest.c:60:
/home/alon/Dev/emscripten/system/include/net/arpa/nameser.h:490:1: error: unknown type name 'u_int32_t'; did you mean '__int32_t'?
u_int32_t       ns_datetosecs (const char *, int *) __THROW;
^~~~~~~~~
__int32_t
/home/alon/Dev/emscripten/system/include/libc/machine/_default_types.h:58:20: note: '__int32_t' declared here
typedef signed int __int32_t;
                   ^
6 errors generated.
configure:12597: $? = 1
configure: failed program was:
| /* confdefs.h */
| #define PACKAGE_NAME ""
| #define PACKAGE_TARNAME ""
| #define PACKAGE_VERSION ""
| #define PACKAGE_STRING ""
| #define PACKAGE_BUGREPORT ""
| #define PACKAGE_URL ""
| #define PACKAGE "libxml2"
| #define VERSION "2.7.8"
| #define PROTOTYPES 1
| #define __PROTOTYPES 1
| #define STDC_HEADERS 1
| #define HAVE_SYS_TYPES_H 1
| #define HAVE_SYS_STAT_H 1
| #define HAVE_STDLIB_H 1
| #define HAVE_STRING_H 1
| #define HAVE_MEMORY_H 1
| #define HAVE_STRINGS_H 1
| #define HAVE_INTTYPES_H 1
| #define HAVE_STDINT_H 1
| #define HAVE_UNISTD_H 1
| #define HAVE_STRING_H 1
| #define HAVE_DLFCN_H 1
| #define LT_OBJDIR ".libs/"
| #define HAVE_ZLIB_H 1
| #define HAVE_LIBZ 1
| #define HAVE_DIRENT_H 1
| #define STDC_HEADERS 1
| #define HAVE_FCNTL_H 1
| #define HAVE_UNISTD_H 1
| #define HAVE_CTYPE_H 1
| #define HAVE_DIRENT_H 1
| #define HAVE_ERRNO_H 1
| #define HAVE_MALLOC_H 1
| #define HAVE_STDARG_H 1
| #define HAVE_SYS_STAT_H 1
| #define HAVE_SYS_TYPES_H 1
| #define HAVE_STDINT_H 1
| #define HAVE_TIME_H 1
| #define HAVE_IEEEFP_H 1
| #define HAVE_MATH_H 1
| #define HAVE_LIMITS_H 1
| #define HAVE_FLOAT_H 1
| #define HAVE_STDLIB_H 1
| #define HAVE_SYS_SOCKET_H 1
| #define HAVE_NETINET_IN_H 1
| #define HAVE_ARPA_INET_H 1
| #define HAVE_SYS_TIME_H 1
| #define HAVE_SYS_SELECT_H 1
| #define HAVE_POLL_H 1
| #define HAVE_SYS_MMAN_H 1
| #define HAVE_SYS_TIMEB_H 1
| #define HAVE_SIGNAL_H 1
| /* end confdefs.h.  */
| #if HAVE_SYS_TYPES_H
| # include <sys/types.h>
| # endif
| 
| 
| #include <arpa/nameser.h>
configure:12597: result: no
configure:12613: checking for resolv.h
configure:12613: /home/alon/Dev/emscripten/emcc -c   conftest.c >&5
clang-3: warning: argument unused during compilation: '-nostdinc++'
In file included from conftest.c:66:
In file included from /home/alon/Dev/emscripten/system/include/net/resolv.h:65:
/home/alon/Dev/emscripten/system/include/net/arpa/nameser.h:116:2: error: unknown type name 'u_int16_t'; did you mean '__int16_t'?
        u_int16_t       _id, _flags, _counts[ns_s_max];
        ^~~~~~~~~
        __int16_t
/home/alon/Dev/emscripten/system/include/libc/machine/_default_types.h:36:22: note: '__int16_t' declared here
typedef signed short __int16_t;
                     ^
In file included from conftest.c:66:
In file included from /home/alon/Dev/emscripten/system/include/net/resolv.h:65:
/home/alon/Dev/emscripten/system/include/net/arpa/nameser.h:140:2: error: unknown type name 'u_int16_t'; did you mean '__int16_t'?
        u_int16_t       type;
        ^~~~~~~~~
        __int16_t
/home/alon/Dev/emscripten/system/include/libc/machine/_default_types.h:36:22: note: '__int16_t' declared here
typedef signed short __int16_t;
                     ^
In file included from conftest.c:66:
In file included from /home/alon/Dev/emscripten/system/include/net/resolv.h:65:
/home/alon/Dev/emscripten/system/include/net/arpa/nameser.h:141:2: error: unknown type name 'u_int16_t'; did you mean '__int16_t'?
        u_int16_t       rr_class;
        ^~~~~~~~~
        __int16_t
/home/alon/Dev/emscripten/system/include/libc/machine/_default_types.h:36:22: note: '__int16_t' declared here
typedef signed short __int16_t;
                     ^
In file included from conftest.c:66:
In file included from /home/alon/Dev/emscripten/system/include/net/resolv.h:65:
/home/alon/Dev/emscripten/system/include/net/arpa/nameser.h:142:2: error: unknown type name 'u_int32_t'; did you mean '__int32_t'?
        u_int32_t       ttl;
        ^~~~~~~~~
        __int32_t
/home/alon/Dev/emscripten/system/include/libc/machine/_default_types.h:58:20: note: '__int32_t' declared here
typedef signed int __int32_t;
                   ^
In file included from conftest.c:66:
In file included from /home/alon/Dev/emscripten/system/include/net/resolv.h:65:
/home/alon/Dev/emscripten/system/include/net/arpa/nameser.h:143:2: error: unknown type name 'u_int16_t'; did you mean '__int16_t'?
        u_int16_t       rdlength;
        ^~~~~~~~~
        __int16_t
/home/alon/Dev/emscripten/system/include/libc/machine/_default_types.h:36:22: note: '__int16_t' declared here
typedef signed short __int16_t;
                     ^
In file included from conftest.c:66:
In file included from /home/alon/Dev/emscripten/system/include/net/resolv.h:65:
/home/alon/Dev/emscripten/system/include/net/arpa/nameser.h:490:1: error: unknown type name 'u_int32_t'; did you mean '__int32_t'?
u_int32_t       ns_datetosecs (const char *, int *) __THROW;
^~~~~~~~~
__int32_t
/home/alon/Dev/emscripten/system/include/libc/machine/_default_types.h:58:20: note: '__int32_t' declared here
typedef signed int __int32_t;
                   ^
In file included from conftest.c:66:
/home/alon/Dev/emscripten/system/include/net/resolv.h:123:3: error: unknown type name 'u_int32_t'; did you mean '__int32_t'?
                u_int32_t       mask;
                ^~~~~~~~~
                __int32_t
/home/alon/Dev/emscripten/system/include/libc/machine/_default_types.h:58:20: note: '__int32_t' declared here
typedef signed int __int32_t;
                   ^
In file included from conftest.c:66:
/home/alon/Dev/emscripten/system/include/net/resolv.h:135:4: error: unknown type name 'u_int16_t'; did you mean '__int16_t'?
                        u_int16_t               nscount;
                        ^~~~~~~~~
                        __int16_t
/home/alon/Dev/emscripten/system/include/libc/machine/_default_types.h:36:22: note: '__int16_t' declared here
typedef signed short __int16_t;
                     ^
In file included from conftest.c:66:
/home/alon/Dev/emscripten/system/include/net/resolv.h:136:4: error: unknown type name 'u_int16_t'; did you mean '__int16_t'?
                        u_int16_t               nsmap[MAXNS];
                        ^~~~~~~~~
                        __int16_t
/home/alon/Dev/emscripten/system/include/libc/machine/_default_types.h:36:22: note: '__int16_t' declared here
typedef signed short __int16_t;
                     ^
In file included from conftest.c:66:
/home/alon/Dev/emscripten/system/include/net/resolv.h:138:4: error: unknown type name 'u_int16_t'; did you mean '__int16_t'?
                        u_int16_t               nscount6;
                        ^~~~~~~~~
                        __int16_t
/home/alon/Dev/emscripten/system/include/libc/machine/_default_types.h:36:22: note: '__int16_t' declared here
typedef signed short __int16_t;
                     ^
In file included from conftest.c:66:
/home/alon/Dev/emscripten/system/include/net/resolv.h:139:4: error: unknown type name 'u_int16_t'; did you mean '__int16_t'?
                        u_int16_t               nsinit;
                        ^~~~~~~~~
                        __int16_t
/home/alon/Dev/emscripten/system/include/libc/machine/_default_types.h:36:22: note: '__int16_t' declared here
typedef signed short __int16_t;
                     ^
In file included from conftest.c:66:
/home/alon/Dev/emscripten/system/include/net/resolv.h:340:27: error: unexpected type name 'u_char': expected identifier
void            putlong (u_int32_t, u_char *) __THROW;
                                    ^
/home/alon/Dev/emscripten/system/include/net/resolv.h:340:34: error: expected ')'
void            putlong (u_int32_t, u_char *) __THROW;
                                           ^
/home/alon/Dev/emscripten/system/include/net/resolv.h:340:15: note: to match this '('
void            putlong (u_int32_t, u_char *) __THROW;
                        ^
/home/alon/Dev/emscripten/system/include/net/resolv.h:340:16: error: a parameter list without types is only allowed in a function definition
void            putlong (u_int32_t, u_char *) __THROW;
                         ^
/home/alon/Dev/emscripten/system/include/net/resolv.h:341:28: error: unexpected type name 'u_char': expected identifier
void            putshort (u_int16_t, u_char *) __THROW;
                                     ^
/home/alon/Dev/emscripten/system/include/net/resolv.h:341:35: error: expected ')'
void            putshort (u_int16_t, u_char *) __THROW;
                                            ^
/home/alon/Dev/emscripten/system/include/net/resolv.h:341:16: note: to match this '('
void            putshort (u_int16_t, u_char *) __THROW;
                         ^
/home/alon/Dev/emscripten/system/include/net/resolv.h:341:17: error: a parameter list without types is only allowed in a function definition
void            putshort (u_int16_t, u_char *) __THROW;
                          ^
/home/alon/Dev/emscripten/system/include/net/resolv.h:343:22: error: a parameter list without types is only allowed in a function definition
const char *    p_time (u_int32_t) __THROW;
                        ^
18 errors generated.
configure:12613: $? = 1
configure: failed program was:
| /* confdefs.h */
| #define PACKAGE_NAME ""
| #define PACKAGE_TARNAME ""
| #define PACKAGE_VERSION ""
| #define PACKAGE_STRING ""
| #define PACKAGE_BUGREPORT ""
| #define PACKAGE_URL ""
| #define PACKAGE "libxml2"
| #define VERSION "2.7.8"
| #define PROTOTYPES 1
| #define __PROTOTYPES 1
| #define STDC_HEADERS 1
| #define HAVE_SYS_TYPES_H 1
| #define HAVE_SYS_STAT_H 1
| #define HAVE_STDLIB_H 1
| #define HAVE_STRING_H 1
| #define HAVE_MEMORY_H 1
| #define HAVE_STRINGS_H 1
| #define HAVE_INTTYPES_H 1
| #define HAVE_STDINT_H 1
| #define HAVE_UNISTD_H 1
| #define HAVE_STRING_H 1
| #define HAVE_DLFCN_H 1
| #define LT_OBJDIR ".libs/"
| #define HAVE_ZLIB_H 1
| #define HAVE_LIBZ 1
| #define HAVE_DIRENT_H 1
| #define STDC_HEADERS 1
| #define HAVE_FCNTL_H 1
| #define HAVE_UNISTD_H 1
| #define HAVE_CTYPE_H 1
| #define HAVE_DIRENT_H 1
| #define HAVE_ERRNO_H 1
| #define HAVE_MALLOC_H 1
| #define HAVE_STDARG_H 1
| #define HAVE_SYS_STAT_H 1
| #define HAVE_SYS_TYPES_H 1
| #define HAVE_STDINT_H 1
| #define HAVE_TIME_H 1
| #define HAVE_IEEEFP_H 1
| #define HAVE_MATH_H 1
| #define HAVE_LIMITS_H 1
| #define HAVE_FLOAT_H 1
| #define HAVE_STDLIB_H 1
| #define HAVE_SYS_SOCKET_H 1
| #define HAVE_NETINET_IN_H 1
| #define HAVE_ARPA_INET_H 1
| #define HAVE_SYS_TIME_H 1
| #define HAVE_SYS_SELECT_H 1
| #define HAVE_POLL_H 1
| #define HAVE_SYS_MMAN_H 1
| #define HAVE_SYS_TIMEB_H 1
| #define HAVE_SIGNAL_H 1
| /* end confdefs.h.  */
| #if HAVE_SYS_TYPES_H
| # include <sys/types.h>
| # endif
| #if HAVE_NETINET_IN_H
| # include <netinet/in.h>
| # endif
| #if HAVE_ARPA_NAMESER_H
| # include <arpa/nameser.h>
| # endif
| 
| 
| #include <resolv.h>
configure:12613: result: no
configure:12635: checking dl.h usability
configure:12635: /home/alon/Dev/emscripten/emcc -c   conftest.c >&5
clang-3: warning: argument unused during compilation: '-nostdinc++'
conftest.c:88:10: fatal error: 'dl.h' file not found
#include <dl.h>
         ^
1 error generated.
configure:12635: $? = 1
configure: failed program was:
| /* confdefs.h */
| #define PACKAGE_NAME ""
| #define PACKAGE_TARNAME ""
| #define PACKAGE_VERSION ""
| #define PACKAGE_STRING ""
| #define PACKAGE_BUGREPORT ""
| #define PACKAGE_URL ""
| #define PACKAGE "libxml2"
| #define VERSION "2.7.8"
| #define PROTOTYPES 1
| #define __PROTOTYPES 1
| #define STDC_HEADERS 1
| #define HAVE_SYS_TYPES_H 1
| #define HAVE_SYS_STAT_H 1
| #define HAVE_STDLIB_H 1
| #define HAVE_STRING_H 1
| #define HAVE_MEMORY_H 1
| #define HAVE_STRINGS_H 1
| #define HAVE_INTTYPES_H 1
| #define HAVE_STDINT_H 1
| #define HAVE_UNISTD_H 1
| #define HAVE_STRING_H 1
| #define HAVE_DLFCN_H 1
| #define LT_OBJDIR ".libs/"
| #define HAVE_ZLIB_H 1
| #define HAVE_LIBZ 1
| #define HAVE_DIRENT_H 1
| #define STDC_HEADERS 1
| #define HAVE_FCNTL_H 1
| #define HAVE_UNISTD_H 1
| #define HAVE_CTYPE_H 1
| #define HAVE_DIRENT_H 1
| #define HAVE_ERRNO_H 1
| #define HAVE_MALLOC_H 1
| #define HAVE_STDARG_H 1
| #define HAVE_SYS_STAT_H 1
| #define HAVE_SYS_TYPES_H 1
| #define HAVE_STDINT_H 1
| #define HAVE_TIME_H 1
| #define HAVE_IEEEFP_H 1
| #define HAVE_MATH_H 1
| #define HAVE_LIMITS_H 1
| #define HAVE_FLOAT_H 1
| #define HAVE_STDLIB_H 1
| #define HAVE_SYS_SOCKET_H 1
| #define HAVE_NETINET_IN_H 1
| #define HAVE_ARPA_INET_H 1
| #define HAVE_SYS_TIME_H 1
| #define HAVE_SYS_SELECT_H 1
| #define HAVE_POLL_H 1
| #define HAVE_SYS_MMAN_H 1
| #define HAVE_SYS_TIMEB_H 1
| #define HAVE_SIGNAL_H 1
| /* end confdefs.h.  */
| #include <stdio.h>
| #ifdef HAVE_SYS_TYPES_H
| # include <sys/types.h>
| #endif
| #ifdef HAVE_SYS_STAT_H
| # include <sys/stat.h>
| #endif
| #ifdef STDC_HEADERS
| # include <stdlib.h>
| # include <stddef.h>
| #else
| # ifdef HAVE_STDLIB_H
| #  include <stdlib.h>
| # endif
| #endif
| #ifdef HAVE_STRING_H
| # if !defined STDC_HEADERS && defined HAVE_MEMORY_H
| #  include <memory.h>
| # endif
| # include <string.h>
| #endif
| #ifdef HAVE_STRINGS_H
| # include <strings.h>
| #endif
| #ifdef HAVE_INTTYPES_H
| # include <inttypes.h>
| #endif
| #ifdef HAVE_STDINT_H
| # include <stdint.h>
| #endif
| #ifdef HAVE_UNISTD_H
| # include <unistd.h>
| #endif
| #include <dl.h>
configure:12635: result: no
configure:12635: checking dl.h presence
configure:12635: /home/alon/Dev/emscripten/emcc -E  conftest.c
clang-3: warning: argument unused during compilation: '-nostdinc++'
conftest.c:55:10: fatal error: 'dl.h' file not found
#include <dl.h>
         ^
1 error generated.
configure:12635: $? = 1
configure: failed program was:
| /* confdefs.h */
| #define PACKAGE_NAME ""
| #define PACKAGE_TARNAME ""
| #define PACKAGE_VERSION ""
| #define PACKAGE_STRING ""
| #define PACKAGE_BUGREPORT ""
| #define PACKAGE_URL ""
| #define PACKAGE "libxml2"
| #define VERSION "2.7.8"
| #define PROTOTYPES 1
| #define __PROTOTYPES 1
| #define STDC_HEADERS 1
| #define HAVE_SYS_TYPES_H 1
| #define HAVE_SYS_STAT_H 1
| #define HAVE_STDLIB_H 1
| #define HAVE_STRING_H 1
| #define HAVE_MEMORY_H 1
| #define HAVE_STRINGS_H 1
| #define HAVE_INTTYPES_H 1
| #define HAVE_STDINT_H 1
| #define HAVE_UNISTD_H 1
| #define HAVE_STRING_H 1
| #define HAVE_DLFCN_H 1
| #define LT_OBJDIR ".libs/"
| #define HAVE_ZLIB_H 1
| #define HAVE_LIBZ 1
| #define HAVE_DIRENT_H 1
| #define STDC_HEADERS 1
| #define HAVE_FCNTL_H 1
| #define HAVE_UNISTD_H 1
| #define HAVE_CTYPE_H 1
| #define HAVE_DIRENT_H 1
| #define HAVE_ERRNO_H 1
| #define HAVE_MALLOC_H 1
| #define HAVE_STDARG_H 1
| #define HAVE_SYS_STAT_H 1
| #define HAVE_SYS_TYPES_H 1
| #define HAVE_STDINT_H 1
| #define HAVE_TIME_H 1
| #define HAVE_IEEEFP_H 1
| #define HAVE_MATH_H 1
| #define HAVE_LIMITS_H 1
| #define HAVE_FLOAT_H 1
| #define HAVE_STDLIB_H 1
| #define HAVE_SYS_SOCKET_H 1
| #define HAVE_NETINET_IN_H 1
| #define HAVE_ARPA_INET_H 1
| #define HAVE_SYS_TIME_H 1
| #define HAVE_SYS_SELECT_H 1
| #define HAVE_POLL_H 1
| #define HAVE_SYS_MMAN_H 1
| #define HAVE_SYS_TIMEB_H 1
| #define HAVE_SIGNAL_H 1
| /* end confdefs.h.  */
| #include <dl.h>
configure:12635: result: no
configure:12635: checking for dl.h
configure:12635: result: no
configure:12647: checking for dlfcn.h
configure:12647: result: yes
configure:12663: checking for strftime
configure:12663: /home/alon/Dev/emscripten/emcc -o conftest    conftest.c  >&5
clang-3: warning: argument unused during compilation: '-nostdinc++'
configure:12663: $? = 0
configure:12663: result: yes
configure:12719: checking for strdup
configure:12719: /home/alon/Dev/emscripten/emcc -o conftest    conftest.c  >&5
clang-3: warning: argument unused during compilation: '-nostdinc++'
conftest.c:80:6: warning: incompatible redeclaration of library function 'strdup'
char strdup ();
     ^
conftest.c:80:6: note: 'strdup' is a builtin with type 'char *(const char *)'
1 warning generated.
configure:12719: $? = 0
configure:12719: result: yes
configure:12719: checking for strndup
configure:12719: /home/alon/Dev/emscripten/emcc -o conftest    conftest.c  >&5
clang-3: warning: argument unused during compilation: '-nostdinc++'
conftest.c:81:6: warning: incompatible redeclaration of library function 'strndup'
char strndup ();
     ^
conftest.c:81:6: note: 'strndup' is a builtin with type 'char *(const char *, unsigned int)'
1 warning generated.
configure:12719: $? = 0
configure:12719: result: yes
configure:12719: checking for strerror
configure:12719: /home/alon/Dev/emscripten/emcc -o conftest    conftest.c  >&5
clang-3: warning: argument unused during compilation: '-nostdinc++'
conftest.c:82:6: warning: incompatible redeclaration of library function 'strerror'
char strerror ();
     ^
conftest.c:82:6: note: 'strerror' is a builtin with type 'char *(int)'
1 warning generated.
configure:12719: $? = 0
configure:12719: result: yes
configure:12731: checking for finite
configure:12731: /home/alon/Dev/emscripten/emcc -o conftest    conftest.c  >&5
clang-3: warning: argument unused during compilation: '-nostdinc++'
configure:12731: $? = 0
configure:12731: result: yes
configure:12731: checking for isnand
configure:12731: /home/alon/Dev/emscripten/emcc -o conftest    conftest.c  >&5
clang-3: warning: argument unused during compilation: '-nostdinc++'
/tmp/conftest-BXwLEI.o: In function `main':
conftest.c:(.text+0xe): undefined reference to `isnand'
clang-3: error: linker command failed with exit code 1 (use -v to see invocation)
configure:12731: $? = 1
configure: failed program was:
| /* confdefs.h */
| #define PACKAGE_NAME ""
| #define PACKAGE_TARNAME ""
| #define PACKAGE_VERSION ""
| #define PACKAGE_STRING ""
| #define PACKAGE_BUGREPORT ""
| #define PACKAGE_URL ""
| #define PACKAGE "libxml2"
| #define VERSION "2.7.8"
| #define PROTOTYPES 1
| #define __PROTOTYPES 1
| #define STDC_HEADERS 1
| #define HAVE_SYS_TYPES_H 1
| #define HAVE_SYS_STAT_H 1
| #define HAVE_STDLIB_H 1
| #define HAVE_STRING_H 1
| #define HAVE_MEMORY_H 1
| #define HAVE_STRINGS_H 1
| #define HAVE_INTTYPES_H 1
| #define HAVE_STDINT_H 1
| #define HAVE_UNISTD_H 1
| #define HAVE_STRING_H 1
| #define HAVE_DLFCN_H 1
| #define LT_OBJDIR ".libs/"
| #define HAVE_ZLIB_H 1
| #define HAVE_LIBZ 1
| #define HAVE_DIRENT_H 1
| #define STDC_HEADERS 1
| #define HAVE_FCNTL_H 1
| #define HAVE_UNISTD_H 1
| #define HAVE_CTYPE_H 1
| #define HAVE_DIRENT_H 1
| #define HAVE_ERRNO_H 1
| #define HAVE_MALLOC_H 1
| #define HAVE_STDARG_H 1
| #define HAVE_SYS_STAT_H 1
| #define HAVE_SYS_TYPES_H 1
| #define HAVE_STDINT_H 1
| #define HAVE_TIME_H 1
| #define HAVE_IEEEFP_H 1
| #define HAVE_MATH_H 1
| #define HAVE_LIMITS_H 1
| #define HAVE_FLOAT_H 1
| #define HAVE_STDLIB_H 1
| #define HAVE_SYS_SOCKET_H 1
| #define HAVE_NETINET_IN_H 1
| #define HAVE_ARPA_INET_H 1
| #define HAVE_SYS_TIME_H 1
| #define HAVE_SYS_SELECT_H 1
| #define HAVE_POLL_H 1
| #define HAVE_SYS_MMAN_H 1
| #define HAVE_SYS_TIMEB_H 1
| #define HAVE_SIGNAL_H 1
| #define HAVE_DLFCN_H 1
| #define HAVE_STRFTIME 1
| #define HAVE_STRDUP 1
| #define HAVE_STRNDUP 1
| #define HAVE_STRERROR 1
| #define HAVE_FINITE 1
| /* end confdefs.h.  */
| /* Define isnand to an innocuous variant, in case <limits.h> declares isnand.
|    For example, HP-UX 11i <limits.h> declares gettimeofday.  */
| #define isnand innocuous_isnand
| 
| /* System header to define __stub macros and hopefully few prototypes,
|     which can conflict with char isnand (); below.
|     Prefer <limits.h> to <assert.h> if __STDC__ is defined, since
|     <limits.h> exists even on freestanding compilers.  */
| 
| #ifdef __STDC__
| # include <limits.h>
| #else
| # include <assert.h>
| #endif
| 
| #undef isnand
| 
| /* Override any GCC internal prototype to avoid an error.
|    Use char because int might match the return type of a GCC
|    builtin and then its argument prototype would still apply.  */
| #ifdef __cplusplus
| extern "C"
| #endif
| char isnand ();
| /* The GNU C library defines this for functions which it implements
|     to always fail with ENOSYS.  Some functions are actually named
|     something starting with __ and the normal name is an alias.  */
| #if defined __stub_isnand || defined __stub___isnand
| choke me
| #endif
| 
| int
| main ()
| {
| return isnand ();
|   ;
|   return 0;
| }
configure:12731: result: no
configure:12731: checking for fp_class
configure:12731: /home/alon/Dev/emscripten/emcc -o conftest    conftest.c  >&5
clang-3: warning: argument unused during compilation: '-nostdinc++'
/tmp/conftest-pPawrP.o: In function `main':
conftest.c:(.text+0xe): undefined reference to `fp_class'
clang-3: error: linker command failed with exit code 1 (use -v to see invocation)
configure:12731: $? = 1
configure: failed program was:
| /* confdefs.h */
| #define PACKAGE_NAME ""
| #define PACKAGE_TARNAME ""
| #define PACKAGE_VERSION ""
| #define PACKAGE_STRING ""
| #define PACKAGE_BUGREPORT ""
| #define PACKAGE_URL ""
| #define PACKAGE "libxml2"
| #define VERSION "2.7.8"
| #define PROTOTYPES 1
| #define __PROTOTYPES 1
| #define STDC_HEADERS 1
| #define HAVE_SYS_TYPES_H 1
| #define HAVE_SYS_STAT_H 1
| #define HAVE_STDLIB_H 1
| #define HAVE_STRING_H 1
| #define HAVE_MEMORY_H 1
| #define HAVE_STRINGS_H 1
| #define HAVE_INTTYPES_H 1
| #define HAVE_STDINT_H 1
| #define HAVE_UNISTD_H 1
| #define HAVE_STRING_H 1
| #define HAVE_DLFCN_H 1
| #define LT_OBJDIR ".libs/"
| #define HAVE_ZLIB_H 1
| #define HAVE_LIBZ 1
| #define HAVE_DIRENT_H 1
| #define STDC_HEADERS 1
| #define HAVE_FCNTL_H 1
| #define HAVE_UNISTD_H 1
| #define HAVE_CTYPE_H 1
| #define HAVE_DIRENT_H 1
| #define HAVE_ERRNO_H 1
| #define HAVE_MALLOC_H 1
| #define HAVE_STDARG_H 1
| #define HAVE_SYS_STAT_H 1
| #define HAVE_SYS_TYPES_H 1
| #define HAVE_STDINT_H 1
| #define HAVE_TIME_H 1
| #define HAVE_IEEEFP_H 1
| #define HAVE_MATH_H 1
| #define HAVE_LIMITS_H 1
| #define HAVE_FLOAT_H 1
| #define HAVE_STDLIB_H 1
| #define HAVE_SYS_SOCKET_H 1
| #define HAVE_NETINET_IN_H 1
| #define HAVE_ARPA_INET_H 1
| #define HAVE_SYS_TIME_H 1
| #define HAVE_SYS_SELECT_H 1
| #define HAVE_POLL_H 1
| #define HAVE_SYS_MMAN_H 1
| #define HAVE_SYS_TIMEB_H 1
| #define HAVE_SIGNAL_H 1
| #define HAVE_DLFCN_H 1
| #define HAVE_STRFTIME 1
| #define HAVE_STRDUP 1
| #define HAVE_STRNDUP 1
| #define HAVE_STRERROR 1
| #define HAVE_FINITE 1
| /* end confdefs.h.  */
| /* Define fp_class to an innocuous variant, in case <limits.h> declares fp_class.
|    For example, HP-UX 11i <limits.h> declares gettimeofday.  */
| #define fp_class innocuous_fp_class
| 
| /* System header to define __stub macros and hopefully few prototypes,
|     which can conflict with char fp_class (); below.
|     Prefer <limits.h> to <assert.h> if __STDC__ is defined, since
|     <limits.h> exists even on freestanding compilers.  */
| 
| #ifdef __STDC__
| # include <limits.h>
| #else
| # include <assert.h>
| #endif
| 
| #undef fp_class
| 
| /* Override any GCC internal prototype to avoid an error.
|    Use char because int might match the return type of a GCC
|    builtin and then its argument prototype would still apply.  */
| #ifdef __cplusplus
| extern "C"
| #endif
| char fp_class ();
| /* The GNU C library defines this for functions which it implements
|     to always fail with ENOSYS.  Some functions are actually named
|     something starting with __ and the normal name is an alias.  */
| #if defined __stub_fp_class || defined __stub___fp_class
| choke me
| #endif
| 
| int
| main ()
| {
| return fp_class ();
|   ;
|   return 0;
| }
configure:12731: result: no
configure:12731: checking for class
configure:12731: /home/alon/Dev/emscripten/emcc -o conftest    conftest.c  >&5
clang-3: warning: argument unused during compilation: '-nostdinc++'
/tmp/conftest-z20ZtY.o: In function `main':
conftest.c:(.text+0xe): undefined reference to `class'
clang-3: error: linker command failed with exit code 1 (use -v to see invocation)
configure:12731: $? = 1
configure: failed program was:
| /* confdefs.h */
| #define PACKAGE_NAME ""
| #define PACKAGE_TARNAME ""
| #define PACKAGE_VERSION ""
| #define PACKAGE_STRING ""
| #define PACKAGE_BUGREPORT ""
| #define PACKAGE_URL ""
| #define PACKAGE "libxml2"
| #define VERSION "2.7.8"
| #define PROTOTYPES 1
| #define __PROTOTYPES 1
| #define STDC_HEADERS 1
| #define HAVE_SYS_TYPES_H 1
| #define HAVE_SYS_STAT_H 1
| #define HAVE_STDLIB_H 1
| #define HAVE_STRING_H 1
| #define HAVE_MEMORY_H 1
| #define HAVE_STRINGS_H 1
| #define HAVE_INTTYPES_H 1
| #define HAVE_STDINT_H 1
| #define HAVE_UNISTD_H 1
| #define HAVE_STRING_H 1
| #define HAVE_DLFCN_H 1
| #define LT_OBJDIR ".libs/"
| #define HAVE_ZLIB_H 1
| #define HAVE_LIBZ 1
| #define HAVE_DIRENT_H 1
| #define STDC_HEADERS 1
| #define HAVE_FCNTL_H 1
| #define HAVE_UNISTD_H 1
| #define HAVE_CTYPE_H 1
| #define HAVE_DIRENT_H 1
| #define HAVE_ERRNO_H 1
| #define HAVE_MALLOC_H 1
| #define HAVE_STDARG_H 1
| #define HAVE_SYS_STAT_H 1
| #define HAVE_SYS_TYPES_H 1
| #define HAVE_STDINT_H 1
| #define HAVE_TIME_H 1
| #define HAVE_IEEEFP_H 1
| #define HAVE_MATH_H 1
| #define HAVE_LIMITS_H 1
| #define HAVE_FLOAT_H 1
| #define HAVE_STDLIB_H 1
| #define HAVE_SYS_SOCKET_H 1
| #define HAVE_NETINET_IN_H 1
| #define HAVE_ARPA_INET_H 1
| #define HAVE_SYS_TIME_H 1
| #define HAVE_SYS_SELECT_H 1
| #define HAVE_POLL_H 1
| #define HAVE_SYS_MMAN_H 1
| #define HAVE_SYS_TIMEB_H 1
| #define HAVE_SIGNAL_H 1
| #define HAVE_DLFCN_H 1
| #define HAVE_STRFTIME 1
| #define HAVE_STRDUP 1
| #define HAVE_STRNDUP 1
| #define HAVE_STRERROR 1
| #define HAVE_FINITE 1
| /* end confdefs.h.  */
| /* Define class to an innocuous variant, in case <limits.h> declares class.
|    For example, HP-UX 11i <limits.h> declares gettimeofday.  */
| #define class innocuous_class
| 
| /* System header to define __stub macros and hopefully few prototypes,
|     which can conflict with char class (); below.
|     Prefer <limits.h> to <assert.h> if __STDC__ is defined, since
|     <limits.h> exists even on freestanding compilers.  */
| 
| #ifdef __STDC__
| # include <limits.h>
| #else
| # include <assert.h>
| #endif
| 
| #undef class
| 
| /* Override any GCC internal prototype to avoid an error.
|    Use char because int might match the return type of a GCC
|    builtin and then its argument prototype would still apply.  */
| #ifdef __cplusplus
| extern "C"
| #endif
| char class ();
| /* The GNU C library defines this for functions which it implements
|     to always fail with ENOSYS.  Some functions are actually named
|     something starting with __ and the normal name is an alias.  */
| #if defined __stub_class || defined __stub___class
| choke me
| #endif
| 
| int
| main ()
| {
| return class ();
|   ;
|   return 0;
| }
configure:12731: result: no
configure:12731: checking for fpclass
configure:12731: /home/alon/Dev/emscripten/emcc -o conftest    conftest.c  >&5
clang-3: warning: argument unused during compilation: '-nostdinc++'
/tmp/conftest-3fID79.o: In function `main':
conftest.c:(.text+0xe): undefined reference to `fpclass'
clang-3: error: linker command failed with exit code 1 (use -v to see invocation)
configure:12731: $? = 1
configure: failed program was:
| /* confdefs.h */
| #define PACKAGE_NAME ""
| #define PACKAGE_TARNAME ""
| #define PACKAGE_VERSION ""
| #define PACKAGE_STRING ""
| #define PACKAGE_BUGREPORT ""
| #define PACKAGE_URL ""
| #define PACKAGE "libxml2"
| #define VERSION "2.7.8"
| #define PROTOTYPES 1
| #define __PROTOTYPES 1
| #define STDC_HEADERS 1
| #define HAVE_SYS_TYPES_H 1
| #define HAVE_SYS_STAT_H 1
| #define HAVE_STDLIB_H 1
| #define HAVE_STRING_H 1
| #define HAVE_MEMORY_H 1
| #define HAVE_STRINGS_H 1
| #define HAVE_INTTYPES_H 1
| #define HAVE_STDINT_H 1
| #define HAVE_UNISTD_H 1
| #define HAVE_STRING_H 1
| #define HAVE_DLFCN_H 1
| #define LT_OBJDIR ".libs/"
| #define HAVE_ZLIB_H 1
| #define HAVE_LIBZ 1
| #define HAVE_DIRENT_H 1
| #define STDC_HEADERS 1
| #define HAVE_FCNTL_H 1
| #define HAVE_UNISTD_H 1
| #define HAVE_CTYPE_H 1
| #define HAVE_DIRENT_H 1
| #define HAVE_ERRNO_H 1
| #define HAVE_MALLOC_H 1
| #define HAVE_STDARG_H 1
| #define HAVE_SYS_STAT_H 1
| #define HAVE_SYS_TYPES_H 1
| #define HAVE_STDINT_H 1
| #define HAVE_TIME_H 1
| #define HAVE_IEEEFP_H 1
| #define HAVE_MATH_H 1
| #define HAVE_LIMITS_H 1
| #define HAVE_FLOAT_H 1
| #define HAVE_STDLIB_H 1
| #define HAVE_SYS_SOCKET_H 1
| #define HAVE_NETINET_IN_H 1
| #define HAVE_ARPA_INET_H 1
| #define HAVE_SYS_TIME_H 1
| #define HAVE_SYS_SELECT_H 1
| #define HAVE_POLL_H 1
| #define HAVE_SYS_MMAN_H 1
| #define HAVE_SYS_TIMEB_H 1
| #define HAVE_SIGNAL_H 1
| #define HAVE_DLFCN_H 1
| #define HAVE_STRFTIME 1
| #define HAVE_STRDUP 1
| #define HAVE_STRNDUP 1
| #define HAVE_STRERROR 1
| #define HAVE_FINITE 1
| /* end confdefs.h.  */
| /* Define fpclass to an innocuous variant, in case <limits.h> declares fpclass.
|    For example, HP-UX 11i <limits.h> declares gettimeofday.  */
| #define fpclass innocuous_fpclass
| 
| /* System header to define __stub macros and hopefully few prototypes,
|     which can conflict with char fpclass (); below.
|     Prefer <limits.h> to <assert.h> if __STDC__ is defined, since
|     <limits.h> exists even on freestanding compilers.  */
| 
| #ifdef __STDC__
| # include <limits.h>
| #else
| # include <assert.h>
| #endif
| 
| #undef fpclass
| 
| /* Override any GCC internal prototype to avoid an error.
|    Use char because int might match the return type of a GCC
|    builtin and then its argument prototype would still apply.  */
| #ifdef __cplusplus
| extern "C"
| #endif
| char fpclass ();
| /* The GNU C library defines this for functions which it implements
|     to always fail with ENOSYS.  Some functions are actually named
|     something starting with __ and the normal name is an alias.  */
| #if defined __stub_fpclass || defined __stub___fpclass
| choke me
| #endif
| 
| int
| main ()
| {
| return fpclass ();
|   ;
|   return 0;
| }
configure:12731: result: no
configure:12743: checking for strftime
configure:12743: result: yes
configure:12743: checking for localtime
configure:12743: /home/alon/Dev/emscripten/emcc -o conftest    conftest.c  >&5
clang-3: warning: argument unused during compilation: '-nostdinc++'
configure:12743: $? = 0
configure:12743: result: yes
configure:12743: checking for gettimeofday
configure:12743: /home/alon/Dev/emscripten/emcc -o conftest    conftest.c  >&5
clang-3: warning: argument unused during compilation: '-nostdinc++'
configure:12743: $? = 0
configure:12743: result: yes
configure:12743: checking for ftime
configure:12743: /home/alon/Dev/emscripten/emcc -o conftest    conftest.c  >&5
clang-3: warning: argument unused during compilation: '-nostdinc++'
configure:12743: $? = 0
configure:12743: result: yes
configure:12755: checking for stat
configure:12755: /home/alon/Dev/emscripten/emcc -o conftest    conftest.c  >&5
clang-3: warning: argument unused during compilation: '-nostdinc++'
configure:12755: $? = 0
configure:12755: result: yes
configure:12755: checking for _stat
configure:12755: /home/alon/Dev/emscripten/emcc -o conftest    conftest.c  >&5
clang-3: warning: argument unused during compilation: '-nostdinc++'
/tmp/conftest-DHXkwO.o: In function `main':
conftest.c:(.text+0xe): undefined reference to `_stat'
clang-3: error: linker command failed with exit code 1 (use -v to see invocation)
configure:12755: $? = 1
configure: failed program was:
| /* confdefs.h */
| #define PACKAGE_NAME ""
| #define PACKAGE_TARNAME ""
| #define PACKAGE_VERSION ""
| #define PACKAGE_STRING ""
| #define PACKAGE_BUGREPORT ""
| #define PACKAGE_URL ""
| #define PACKAGE "libxml2"
| #define VERSION "2.7.8"
| #define PROTOTYPES 1
| #define __PROTOTYPES 1
| #define STDC_HEADERS 1
| #define HAVE_SYS_TYPES_H 1
| #define HAVE_SYS_STAT_H 1
| #define HAVE_STDLIB_H 1
| #define HAVE_STRING_H 1
| #define HAVE_MEMORY_H 1
| #define HAVE_STRINGS_H 1
| #define HAVE_INTTYPES_H 1
| #define HAVE_STDINT_H 1
| #define HAVE_UNISTD_H 1
| #define HAVE_STRING_H 1
| #define HAVE_DLFCN_H 1
| #define LT_OBJDIR ".libs/"
| #define HAVE_ZLIB_H 1
| #define HAVE_LIBZ 1
| #define HAVE_DIRENT_H 1
| #define STDC_HEADERS 1
| #define HAVE_FCNTL_H 1
| #define HAVE_UNISTD_H 1
| #define HAVE_CTYPE_H 1
| #define HAVE_DIRENT_H 1
| #define HAVE_ERRNO_H 1
| #define HAVE_MALLOC_H 1
| #define HAVE_STDARG_H 1
| #define HAVE_SYS_STAT_H 1
| #define HAVE_SYS_TYPES_H 1
| #define HAVE_STDINT_H 1
| #define HAVE_TIME_H 1
| #define HAVE_IEEEFP_H 1
| #define HAVE_MATH_H 1
| #define HAVE_LIMITS_H 1
| #define HAVE_FLOAT_H 1
| #define HAVE_STDLIB_H 1
| #define HAVE_SYS_SOCKET_H 1
| #define HAVE_NETINET_IN_H 1
| #define HAVE_ARPA_INET_H 1
| #define HAVE_SYS_TIME_H 1
| #define HAVE_SYS_SELECT_H 1
| #define HAVE_POLL_H 1
| #define HAVE_SYS_MMAN_H 1
| #define HAVE_SYS_TIMEB_H 1
| #define HAVE_SIGNAL_H 1
| #define HAVE_DLFCN_H 1
| #define HAVE_STRFTIME 1
| #define HAVE_STRDUP 1
| #define HAVE_STRNDUP 1
| #define HAVE_STRERROR 1
| #define HAVE_FINITE 1
| #define HAVE_STRFTIME 1
| #define HAVE_LOCALTIME 1
| #define HAVE_GETTIMEOFDAY 1
| #define HAVE_FTIME 1
| #define HAVE_STAT 1
| /* end confdefs.h.  */
| /* Define _stat to an innocuous variant, in case <limits.h> declares _stat.
|    For example, HP-UX 11i <limits.h> declares gettimeofday.  */
| #define _stat innocuous__stat
| 
| /* System header to define __stub macros and hopefully few prototypes,
|     which can conflict with char _stat (); below.
|     Prefer <limits.h> to <assert.h> if __STDC__ is defined, since
|     <limits.h> exists even on freestanding compilers.  */
| 
| #ifdef __STDC__
| # include <limits.h>
| #else
| # include <assert.h>
| #endif
| 
| #undef _stat
| 
| /* Override any GCC internal prototype to avoid an error.
|    Use char because int might match the return type of a GCC
|    builtin and then its argument prototype would still apply.  */
| #ifdef __cplusplus
| extern "C"
| #endif
| char _stat ();
| /* The GNU C library defines this for functions which it implements
|     to always fail with ENOSYS.  Some functions are actually named
|     something starting with __ and the normal name is an alias.  */
| #if defined __stub__stat || defined __stub____stat
| choke me
| #endif
| 
| int
| main ()
| {
| return _stat ();
|   ;
|   return 0;
| }
configure:12755: result: no
configure:12755: checking for signal
configure:12755: /home/alon/Dev/emscripten/emcc -o conftest    conftest.c  >&5
clang-3: warning: argument unused during compilation: '-nostdinc++'
configure:12755: $? = 0
configure:12755: result: yes
configure:12768: checking for printf
configure:12768: /home/alon/Dev/emscripten/emcc -o conftest    conftest.c  >&5
clang-3: warning: argument unused during compilation: '-nostdinc++'
conftest.c:90:6: warning: incompatible redeclaration of library function 'printf'
char printf ();
     ^
conftest.c:90:6: note: 'printf' is a builtin with type 'int (const char *, ...)'
1 warning generated.
configure:12768: $? = 0
configure:12768: result: yes
configure:12768: checking for sprintf
configure:12768: /home/alon/Dev/emscripten/emcc -o conftest    conftest.c  >&5
clang-3: warning: argument unused during compilation: '-nostdinc++'
conftest.c:91:6: warning: incompatible redeclaration of library function 'sprintf'
char sprintf ();
     ^
conftest.c:91:6: note: 'sprintf' is a builtin with type 'int (char *, const char *, ...)'
1 warning generated.
configure:12768: $? = 0
configure:12768: result: yes
configure:12768: checking for fprintf
configure:12768: /home/alon/Dev/emscripten/emcc -o conftest    conftest.c  >&5
clang-3: warning: argument unused during compilation: '-nostdinc++'
conftest.c:92:6: warning: declaration of built-in function 'fprintf' requires inclusion of the header <stdio.h>
char fprintf ();
     ^
1 warning generated.
configure:12768: $? = 0
configure:12768: result: yes
configure:12768: checking for snprintf
configure:12768: /home/alon/Dev/emscripten/emcc -o conftest    conftest.c  >&5
clang-3: warning: argument unused during compilation: '-nostdinc++'
conftest.c:93:6: warning: incompatible redeclaration of library function 'snprintf'
char snprintf ();
     ^
conftest.c:93:6: note: 'snprintf' is a builtin with type 'int (char *, unsigned int, const char *, ...)'
1 warning generated.
configure:12768: $? = 0
configure:12768: result: yes
configure:12768: checking for vfprintf
configure:12768: /home/alon/Dev/emscripten/emcc -o conftest    conftest.c  >&5
clang-3: warning: argument unused during compilation: '-nostdinc++'
conftest.c:94:6: warning: incompatible redeclaration of library function 'vfprintf'
char vfprintf ();
     ^
conftest.c:94:6: note: 'vfprintf' is a builtin with type 'int ()'
1 warning generated.
configure:12768: $? = 0
configure:12768: result: yes
configure:12768: checking for vsprintf
configure:12768: /home/alon/Dev/emscripten/emcc -o conftest    conftest.c  >&5
clang-3: warning: argument unused during compilation: '-nostdinc++'
conftest.c:95:6: warning: incompatible redeclaration of library function 'vsprintf'
char vsprintf ();
     ^
conftest.c:95:6: note: 'vsprintf' is a builtin with type 'int (char *, const char *, __builtin_va_list)'
1 warning generated.
configure:12768: $? = 0
configure:12768: result: yes
configure:12768: checking for vsnprintf
configure:12768: /home/alon/Dev/emscripten/emcc -o conftest    conftest.c  >&5
clang-3: warning: argument unused during compilation: '-nostdinc++'
conftest.c:96:6: warning: incompatible redeclaration of library function 'vsnprintf'
char vsnprintf ();
     ^
conftest.c:96:6: note: 'vsnprintf' is a builtin with type 'int (char *, unsigned int, const char *, __builtin_va_list)'
1 warning generated.
configure:12768: $? = 0
configure:12768: result: yes
configure:12768: checking for sscanf
configure:12768: /home/alon/Dev/emscripten/emcc -o conftest    conftest.c  >&5
clang-3: warning: argument unused during compilation: '-nostdinc++'
configure:12768: $? = 0
configure:12768: result: yes
configure:12780: checking for va_copy
configure:12794: /home/alon/Dev/emscripten/emcc -o conftest    conftest.c  >&5
clang-3: warning: argument unused during compilation: '-nostdinc++'
configure:12794: $? = 0
configure:12801: result: yes
configure:12838: checking for library containing gethostent
configure:12869: /home/alon/Dev/emscripten/emcc -o conftest    conftest.c  >&5
clang-3: warning: argument unused during compilation: '-nostdinc++'
configure:12869: $? = 0
configure:12886: result: none required
configure:12894: checking for library containing setsockopt
configure:12925: /home/alon/Dev/emscripten/emcc -o conftest    conftest.c  >&5
clang-3: warning: argument unused during compilation: '-nostdinc++'
configure:12925: $? = 0
configure:12942: result: none required
configure:12950: checking for library containing connect
configure:12981: /home/alon/Dev/emscripten/emcc -o conftest    conftest.c  >&5
clang-3: warning: argument unused during compilation: '-nostdinc++'
configure:12981: $? = 0
configure:12998: result: none required
configure:13007: checking for type of socket length (socklen_t)
configure:13021: /home/alon/Dev/emscripten/emcc -c   conftest.c >&5
clang-3: warning: argument unused during compilation: '-nostdinc++'
configure: failed program was:
#line 13010 "configure"
#include "confdefs.h"

#include <stddef.h>
#include <sys/types.h>
#include <sys/socket.h>
int main(void) {

(void)getsockopt (1, 1, 1, NULL, (socklen_t *)NULL)
; return 0; }
configure:13044: /home/alon/Dev/emscripten/emcc -c   conftest.c >&5
clang-3: warning: argument unused during compilation: '-nostdinc++'
configure:13040:34: warning: passing 'size_t *' (aka 'unsigned int *') to parameter of type 'socklen_t *' (aka 'int *') converts between pointers to integer types with different sign [-Wpointer-sign]
(void)getsockopt (1, 1, 1, NULL, (size_t *)NULL)
                                 ^~~~~~~~~~~~~~
/home/alon/Dev/emscripten/system/include/sys/socket.h:44:72: note: passing argument to parameter 'optlen' here
int getsockopt(int s, int level, int optname, void *optval, socklen_t *optlen);
                                                                       ^
1 warning generated.
configure: failed program was:
#line 13033 "configure"
#include "confdefs.h"

#include <stddef.h>
#include <sys/types.h>
#include <sys/socket.h>
int main(void) {

(void)getsockopt (1, 1, 1, NULL, (size_t *)NULL)
; return 0; }
configure:13067: /home/alon/Dev/emscripten/emcc -c   conftest.c >&5
clang-3: warning: argument unused during compilation: '-nostdinc++'
configure: failed program was:
#line 13056 "configure"
#include "confdefs.h"

#include <stddef.h>
#include <sys/types.h>
#include <sys/socket.h>
int main(void) {

(void)getsockopt (1, 1, 1, NULL, (int *)NULL)
; return 0; }
configure:13078: WARNING: could not determine
configure:13094: checking whether to enable IPv6
configure:13126: /home/alon/Dev/emscripten/emcc -c   conftest.c >&5
clang-3: warning: argument unused during compilation: '-nostdinc++'
configure:13126: $? = 0
configure:13133: result: yes
configure:13142: checking struct sockaddr::ss_family
configure:13161: /home/alon/Dev/emscripten/emcc -c   conftest.c >&5
clang-3: warning: argument unused during compilation: '-nostdinc++'
configure:13161: $? = 0
configure:13168: result: yes
configure:13213: checking for getaddrinfo
configure:13213: /home/alon/Dev/emscripten/emcc -o conftest    conftest.c  >&5
clang-3: warning: argument unused during compilation: '-nostdinc++'
configure:13213: $? = 0
configure:13213: result: yes
configure:13274: checking for isnan
configure:13274: /home/alon/Dev/emscripten/emcc -o conftest    conftest.c  >&5
clang-3: warning: argument unused during compilation: '-nostdinc++'
configure:13274: $? = 0
configure:13274: result: yes
configure:13325: checking for isinf
configure:13325: /home/alon/Dev/emscripten/emcc -o conftest    conftest.c  >&5
clang-3: warning: argument unused during compilation: '-nostdinc++'
configure:13325: $? = 0
configure:13325: result: yes
configure:13464: checking for python
configure:13482: found /usr/bin/python
configure:13494: result: /usr/bin/python
configure:13632: checking for shl_load
configure:13632: /home/alon/Dev/emscripten/emcc -o conftest  -pedantic -W -Wformat -Wunused -Wimplicit -Wreturn-type -Wswitch -Wcomment -Wtrigraphs -Wformat -Wchar-subscripts -Wuninitialized -Wparentheses -Wshadow -Wpointer-arith -Wcast-align -Wwrite-strings -Waggregate-return -Wstrict-prototypes -Wmissing-prototypes -Wnested-externs -Winline -Wredundant-decls   conftest.c  >&5
clang-3: warning: argument unused during compilation: '-nostdinc++'
/tmp/conftest-rNabcS.o: In function `main':
conftest.c:(.text+0xe): undefined reference to `shl_load'
clang-3: error: linker command failed with exit code 1 (use -v to see invocation)
configure:13632: $? = 1
configure: failed program was:
| /* confdefs.h */
| #define PACKAGE_NAME ""
| #define PACKAGE_TARNAME ""
| #define PACKAGE_VERSION ""
| #define PACKAGE_STRING ""
| #define PACKAGE_BUGREPORT ""
| #define PACKAGE_URL ""
| #define PACKAGE "libxml2"
| #define VERSION "2.7.8"
| #define PROTOTYPES 1
| #define __PROTOTYPES 1
| #define STDC_HEADERS 1
| #define HAVE_SYS_TYPES_H 1
| #define HAVE_SYS_STAT_H 1
| #define HAVE_STDLIB_H 1
| #define HAVE_STRING_H 1
| #define HAVE_MEMORY_H 1
| #define HAVE_STRINGS_H 1
| #define HAVE_INTTYPES_H 1
| #define HAVE_STDINT_H 1
| #define HAVE_UNISTD_H 1
| #define HAVE_STRING_H 1
| #define HAVE_DLFCN_H 1
| #define LT_OBJDIR ".libs/"
| #define HAVE_ZLIB_H 1
| #define HAVE_LIBZ 1
| #define HAVE_DIRENT_H 1
| #define STDC_HEADERS 1
| #define HAVE_FCNTL_H 1
| #define HAVE_UNISTD_H 1
| #define HAVE_CTYPE_H 1
| #define HAVE_DIRENT_H 1
| #define HAVE_ERRNO_H 1
| #define HAVE_MALLOC_H 1
| #define HAVE_STDARG_H 1
| #define HAVE_SYS_STAT_H 1
| #define HAVE_SYS_TYPES_H 1
| #define HAVE_STDINT_H 1
| #define HAVE_TIME_H 1
| #define HAVE_IEEEFP_H 1
| #define HAVE_MATH_H 1
| #define HAVE_LIMITS_H 1
| #define HAVE_FLOAT_H 1
| #define HAVE_STDLIB_H 1
| #define HAVE_SYS_SOCKET_H 1
| #define HAVE_NETINET_IN_H 1
| #define HAVE_ARPA_INET_H 1
| #define HAVE_SYS_TIME_H 1
| #define HAVE_SYS_SELECT_H 1
| #define HAVE_POLL_H 1
| #define HAVE_SYS_MMAN_H 1
| #define HAVE_SYS_TIMEB_H 1
| #define HAVE_SIGNAL_H 1
| #define HAVE_DLFCN_H 1
| #define HAVE_STRFTIME 1
| #define HAVE_STRDUP 1
| #define HAVE_STRNDUP 1
| #define HAVE_STRERROR 1
| #define HAVE_FINITE 1
| #define HAVE_STRFTIME 1
| #define HAVE_LOCALTIME 1
| #define HAVE_GETTIMEOFDAY 1
| #define HAVE_FTIME 1
| #define HAVE_STAT 1
| #define HAVE_SIGNAL 1
| #define HAVE_PRINTF 1
| #define HAVE_SPRINTF 1
| #define HAVE_FPRINTF 1
| #define HAVE_SNPRINTF 1
| #define HAVE_VFPRINTF 1
| #define HAVE_VSPRINTF 1
| #define HAVE_VSNPRINTF 1
| #define HAVE_SSCANF 1
| #define HAVE_VA_COPY 1
| #define XML_SOCKLEN_T int
| #define SUPPORT_IP6 /**/
| #define HAVE_GETADDRINFO /**/
| #define HAVE_ISNAN /**/
| #define HAVE_ISINF /**/
| /* end confdefs.h.  */
| /* Define shl_load to an innocuous variant, in case <limits.h> declares shl_load.
|    For example, HP-UX 11i <limits.h> declares gettimeofday.  */
| #define shl_load innocuous_shl_load
| 
| /* System header to define __stub macros and hopefully few prototypes,
|     which can conflict with char shl_load (); below.
|     Prefer <limits.h> to <assert.h> if __STDC__ is defined, since
|     <limits.h> exists even on freestanding compilers.  */
| 
| #ifdef __STDC__
| # include <limits.h>
| #else
| # include <assert.h>
| #endif
| 
| #undef shl_load
| 
| /* Override any GCC internal prototype to avoid an error.
|    Use char because int might match the return type of a GCC
|    builtin and then its argument prototype would still apply.  */
| #ifdef __cplusplus
| extern "C"
| #endif
| char shl_load ();
| /* The GNU C library defines this for functions which it implements
|     to always fail with ENOSYS.  Some functions are actually named
|     something starting with __ and the normal name is an alias.  */
| #if defined __stub_shl_load || defined __stub___shl_load
| choke me
| #endif
| 
| int
| main ()
| {
| return shl_load ();
|   ;
|   return 0;
| }
configure:13632: result: no
configure:13637: checking for shl_load in -ldld
configure:13662: /home/alon/Dev/emscripten/emcc -o conftest  -pedantic -W -Wformat -Wunused -Wimplicit -Wreturn-type -Wswitch -Wcomment -Wtrigraphs -Wformat -Wchar-subscripts -Wuninitialized -Wparentheses -Wshadow -Wpointer-arith -Wcast-align -Wwrite-strings -Waggregate-return -Wstrict-prototypes -Wmissing-prototypes -Wnested-externs -Winline -Wredundant-decls   conftest.c -ldld   >&5
clang-3: warning: argument unused during compilation: '-nostdinc++'
/usr/bin/ld.bfd.real: cannot find -ldld
clang-3: error: linker command failed with exit code 1 (use -v to see invocation)
configure:13662: $? = 1
configure: failed program was:
| /* confdefs.h */
| #define PACKAGE_NAME ""
| #define PACKAGE_TARNAME ""
| #define PACKAGE_VERSION ""
| #define PACKAGE_STRING ""
| #define PACKAGE_BUGREPORT ""
| #define PACKAGE_URL ""
| #define PACKAGE "libxml2"
| #define VERSION "2.7.8"
| #define PROTOTYPES 1
| #define __PROTOTYPES 1
| #define STDC_HEADERS 1
| #define HAVE_SYS_TYPES_H 1
| #define HAVE_SYS_STAT_H 1
| #define HAVE_STDLIB_H 1
| #define HAVE_STRING_H 1
| #define HAVE_MEMORY_H 1
| #define HAVE_STRINGS_H 1
| #define HAVE_INTTYPES_H 1
| #define HAVE_STDINT_H 1
| #define HAVE_UNISTD_H 1
| #define HAVE_STRING_H 1
| #define HAVE_DLFCN_H 1
| #define LT_OBJDIR ".libs/"
| #define HAVE_ZLIB_H 1
| #define HAVE_LIBZ 1
| #define HAVE_DIRENT_H 1
| #define STDC_HEADERS 1
| #define HAVE_FCNTL_H 1
| #define HAVE_UNISTD_H 1
| #define HAVE_CTYPE_H 1
| #define HAVE_DIRENT_H 1
| #define HAVE_ERRNO_H 1
| #define HAVE_MALLOC_H 1
| #define HAVE_STDARG_H 1
| #define HAVE_SYS_STAT_H 1
| #define HAVE_SYS_TYPES_H 1
| #define HAVE_STDINT_H 1
| #define HAVE_TIME_H 1
| #define HAVE_IEEEFP_H 1
| #define HAVE_MATH_H 1
| #define HAVE_LIMITS_H 1
| #define HAVE_FLOAT_H 1
| #define HAVE_STDLIB_H 1
| #define HAVE_SYS_SOCKET_H 1
| #define HAVE_NETINET_IN_H 1
| #define HAVE_ARPA_INET_H 1
| #define HAVE_SYS_TIME_H 1
| #define HAVE_SYS_SELECT_H 1
| #define HAVE_POLL_H 1
| #define HAVE_SYS_MMAN_H 1
| #define HAVE_SYS_TIMEB_H 1
| #define HAVE_SIGNAL_H 1
| #define HAVE_DLFCN_H 1
| #define HAVE_STRFTIME 1
| #define HAVE_STRDUP 1
| #define HAVE_STRNDUP 1
| #define HAVE_STRERROR 1
| #define HAVE_FINITE 1
| #define HAVE_STRFTIME 1
| #define HAVE_LOCALTIME 1
| #define HAVE_GETTIMEOFDAY 1
| #define HAVE_FTIME 1
| #define HAVE_STAT 1
| #define HAVE_SIGNAL 1
| #define HAVE_PRINTF 1
| #define HAVE_SPRINTF 1
| #define HAVE_FPRINTF 1
| #define HAVE_SNPRINTF 1
| #define HAVE_VFPRINTF 1
| #define HAVE_VSPRINTF 1
| #define HAVE_VSNPRINTF 1
| #define HAVE_SSCANF 1
| #define HAVE_VA_COPY 1
| #define XML_SOCKLEN_T int
| #define SUPPORT_IP6 /**/
| #define HAVE_GETADDRINFO /**/
| #define HAVE_ISNAN /**/
| #define HAVE_ISINF /**/
| /* end confdefs.h.  */
| 
| /* Override any GCC internal prototype to avoid an error.
|    Use char because int might match the return type of a GCC
|    builtin and then its argument prototype would still apply.  */
| #ifdef __cplusplus
| extern "C"
| #endif
| char shl_load ();
| int
| main ()
| {
| return shl_load ();
|   ;
|   return 0;
| }
configure:13671: result: no
configure:13679: checking for dlopen
configure:13679: /home/alon/Dev/emscripten/emcc -o conftest  -pedantic -W -Wformat -Wunused -Wimplicit -Wreturn-type -Wswitch -Wcomment -Wtrigraphs -Wformat -Wchar-subscripts -Wuninitialized -Wparentheses -Wshadow -Wpointer-arith -Wcast-align -Wwrite-strings -Waggregate-return -Wstrict-prototypes -Wmissing-prototypes -Wnested-externs -Winline -Wredundant-decls   conftest.c  >&5
clang-3: warning: argument unused during compilation: '-nostdinc++'
/tmp/conftest-b3izJ7.o: In function `main':
conftest.c:(.text+0xe): undefined reference to `dlopen'
clang-3: error: linker command failed with exit code 1 (use -v to see invocation)
configure:13679: $? = 1
configure: failed program was:
| /* confdefs.h */
| #define PACKAGE_NAME ""
| #define PACKAGE_TARNAME ""
| #define PACKAGE_VERSION ""
| #define PACKAGE_STRING ""
| #define PACKAGE_BUGREPORT ""
| #define PACKAGE_URL ""
| #define PACKAGE "libxml2"
| #define VERSION "2.7.8"
| #define PROTOTYPES 1
| #define __PROTOTYPES 1
| #define STDC_HEADERS 1
| #define HAVE_SYS_TYPES_H 1
| #define HAVE_SYS_STAT_H 1
| #define HAVE_STDLIB_H 1
| #define HAVE_STRING_H 1
| #define HAVE_MEMORY_H 1
| #define HAVE_STRINGS_H 1
| #define HAVE_INTTYPES_H 1
| #define HAVE_STDINT_H 1
| #define HAVE_UNISTD_H 1
| #define HAVE_STRING_H 1
| #define HAVE_DLFCN_H 1
| #define LT_OBJDIR ".libs/"
| #define HAVE_ZLIB_H 1
| #define HAVE_LIBZ 1
| #define HAVE_DIRENT_H 1
| #define STDC_HEADERS 1
| #define HAVE_FCNTL_H 1
| #define HAVE_UNISTD_H 1
| #define HAVE_CTYPE_H 1
| #define HAVE_DIRENT_H 1
| #define HAVE_ERRNO_H 1
| #define HAVE_MALLOC_H 1
| #define HAVE_STDARG_H 1
| #define HAVE_SYS_STAT_H 1
| #define HAVE_SYS_TYPES_H 1
| #define HAVE_STDINT_H 1
| #define HAVE_TIME_H 1
| #define HAVE_IEEEFP_H 1
| #define HAVE_MATH_H 1
| #define HAVE_LIMITS_H 1
| #define HAVE_FLOAT_H 1
| #define HAVE_STDLIB_H 1
| #define HAVE_SYS_SOCKET_H 1
| #define HAVE_NETINET_IN_H 1
| #define HAVE_ARPA_INET_H 1
| #define HAVE_SYS_TIME_H 1
| #define HAVE_SYS_SELECT_H 1
| #define HAVE_POLL_H 1
| #define HAVE_SYS_MMAN_H 1
| #define HAVE_SYS_TIMEB_H 1
| #define HAVE_SIGNAL_H 1
| #define HAVE_DLFCN_H 1
| #define HAVE_STRFTIME 1
| #define HAVE_STRDUP 1
| #define HAVE_STRNDUP 1
| #define HAVE_STRERROR 1
| #define HAVE_FINITE 1
| #define HAVE_STRFTIME 1
| #define HAVE_LOCALTIME 1
| #define HAVE_GETTIMEOFDAY 1
| #define HAVE_FTIME 1
| #define HAVE_STAT 1
| #define HAVE_SIGNAL 1
| #define HAVE_PRINTF 1
| #define HAVE_SPRINTF 1
| #define HAVE_FPRINTF 1
| #define HAVE_SNPRINTF 1
| #define HAVE_VFPRINTF 1
| #define HAVE_VSPRINTF 1
| #define HAVE_VSNPRINTF 1
| #define HAVE_SSCANF 1
| #define HAVE_VA_COPY 1
| #define XML_SOCKLEN_T int
| #define SUPPORT_IP6 /**/
| #define HAVE_GETADDRINFO /**/
| #define HAVE_ISNAN /**/
| #define HAVE_ISINF /**/
| /* end confdefs.h.  */
| /* Define dlopen to an innocuous variant, in case <limits.h> declares dlopen.
|    For example, HP-UX 11i <limits.h> declares gettimeofday.  */
| #define dlopen innocuous_dlopen
| 
| /* System header to define __stub macros and hopefully few prototypes,
|     which can conflict with char dlopen (); below.
|     Prefer <limits.h> to <assert.h> if __STDC__ is defined, since
|     <limits.h> exists even on freestanding compilers.  */
| 
| #ifdef __STDC__
| # include <limits.h>
| #else
| # include <assert.h>
| #endif
| 
| #undef dlopen
| 
| /* Override any GCC internal prototype to avoid an error.
|    Use char because int might match the return type of a GCC
|    builtin and then its argument prototype would still apply.  */
| #ifdef __cplusplus
| extern "C"
| #endif
| char dlopen ();
| /* The GNU C library defines this for functions which it implements
|     to always fail with ENOSYS.  Some functions are actually named
|     something starting with __ and the normal name is an alias.  */
| #if defined __stub_dlopen || defined __stub___dlopen
| choke me
| #endif
| 
| int
| main ()
| {
| return dlopen ();
|   ;
|   return 0;
| }
configure:13679: result: no
configure:13684: checking for dlopen in -ldl
configure:13709: /home/alon/Dev/emscripten/emcc -o conftest  -pedantic -W -Wformat -Wunused -Wimplicit -Wreturn-type -Wswitch -Wcomment -Wtrigraphs -Wformat -Wchar-subscripts -Wuninitialized -Wparentheses -Wshadow -Wpointer-arith -Wcast-align -Wwrite-strings -Waggregate-return -Wstrict-prototypes -Wmissing-prototypes -Wnested-externs -Winline -Wredundant-decls   conftest.c -ldl   >&5
clang-3: warning: argument unused during compilation: '-nostdinc++'
configure:13709: $? = 0
configure:13718: result: yes
configure:13825: checking pthread.h usability
configure:13825: /home/alon/Dev/emscripten/emcc -c  -pedantic -W -Wformat -Wunused -Wimplicit -Wreturn-type -Wswitch -Wcomment -Wtrigraphs -Wformat -Wchar-subscripts -Wuninitialized -Wparentheses -Wshadow -Wpointer-arith -Wcast-align -Wwrite-strings -Waggregate-return -Wstrict-prototypes -Wmissing-prototypes -Wnested-externs -Winline -Wredundant-decls  conftest.c >&5
clang-3: warning: argument unused during compilation: '-nostdinc++'
In file included from conftest.c:115:
/home/alon/Dev/emscripten/system/include/libc/pthread.h:354:32: error: unknown type name 'pthread_t'
int _EXFUN(pthread_getattr_np,(pthread_t __th, pthread_attr_t *__attr));
                               ^
/home/alon/Dev/emscripten/system/include/libc/_ansi.h:67:35: note: expanded from:
#define _EXFUN(name, proto)             name proto
                                             ^
In file included from conftest.c:115:
/home/alon/Dev/emscripten/system/include/libc/pthread.h:354:48: error: unknown type name 'pthread_attr_t'
int _EXFUN(pthread_getattr_np,(pthread_t __th, pthread_attr_t *__attr));
                                               ^
/home/alon/Dev/emscripten/system/include/libc/_ansi.h:67:35: note: expanded from:
#define _EXFUN(name, proto)             name proto
                                             ^
2 errors generated.
configure:13825: $? = 1
configure: failed program was:
| /* confdefs.h */
| #define PACKAGE_NAME ""
| #define PACKAGE_TARNAME ""
| #define PACKAGE_VERSION ""
| #define PACKAGE_STRING ""
| #define PACKAGE_BUGREPORT ""
| #define PACKAGE_URL ""
| #define PACKAGE "libxml2"
| #define VERSION "2.7.8"
| #define PROTOTYPES 1
| #define __PROTOTYPES 1
| #define STDC_HEADERS 1
| #define HAVE_SYS_TYPES_H 1
| #define HAVE_SYS_STAT_H 1
| #define HAVE_STDLIB_H 1
| #define HAVE_STRING_H 1
| #define HAVE_MEMORY_H 1
| #define HAVE_STRINGS_H 1
| #define HAVE_INTTYPES_H 1
| #define HAVE_STDINT_H 1
| #define HAVE_UNISTD_H 1
| #define HAVE_STRING_H 1
| #define HAVE_DLFCN_H 1
| #define LT_OBJDIR ".libs/"
| #define HAVE_ZLIB_H 1
| #define HAVE_LIBZ 1
| #define HAVE_DIRENT_H 1
| #define STDC_HEADERS 1
| #define HAVE_FCNTL_H 1
| #define HAVE_UNISTD_H 1
| #define HAVE_CTYPE_H 1
| #define HAVE_DIRENT_H 1
| #define HAVE_ERRNO_H 1
| #define HAVE_MALLOC_H 1
| #define HAVE_STDARG_H 1
| #define HAVE_SYS_STAT_H 1
| #define HAVE_SYS_TYPES_H 1
| #define HAVE_STDINT_H 1
| #define HAVE_TIME_H 1
| #define HAVE_IEEEFP_H 1
| #define HAVE_MATH_H 1
| #define HAVE_LIMITS_H 1
| #define HAVE_FLOAT_H 1
| #define HAVE_STDLIB_H 1
| #define HAVE_SYS_SOCKET_H 1
| #define HAVE_NETINET_IN_H 1
| #define HAVE_ARPA_INET_H 1
| #define HAVE_SYS_TIME_H 1
| #define HAVE_SYS_SELECT_H 1
| #define HAVE_POLL_H 1
| #define HAVE_SYS_MMAN_H 1
| #define HAVE_SYS_TIMEB_H 1
| #define HAVE_SIGNAL_H 1
| #define HAVE_DLFCN_H 1
| #define HAVE_STRFTIME 1
| #define HAVE_STRDUP 1
| #define HAVE_STRNDUP 1
| #define HAVE_STRERROR 1
| #define HAVE_FINITE 1
| #define HAVE_STRFTIME 1
| #define HAVE_LOCALTIME 1
| #define HAVE_GETTIMEOFDAY 1
| #define HAVE_FTIME 1
| #define HAVE_STAT 1
| #define HAVE_SIGNAL 1
| #define HAVE_PRINTF 1
| #define HAVE_SPRINTF 1
| #define HAVE_FPRINTF 1
| #define HAVE_SNPRINTF 1
| #define HAVE_VFPRINTF 1
| #define HAVE_VSPRINTF 1
| #define HAVE_VSNPRINTF 1
| #define HAVE_SSCANF 1
| #define HAVE_VA_COPY 1
| #define XML_SOCKLEN_T int
| #define SUPPORT_IP6 /**/
| #define HAVE_GETADDRINFO /**/
| #define HAVE_ISNAN /**/
| #define HAVE_ISINF /**/
| #define HAVE_DLOPEN /**/
| /* end confdefs.h.  */
| #include <stdio.h>
| #ifdef HAVE_SYS_TYPES_H
| # include <sys/types.h>
| #endif
| #ifdef HAVE_SYS_STAT_H
| # include <sys/stat.h>
| #endif
| #ifdef STDC_HEADERS
| # include <stdlib.h>
| # include <stddef.h>
| #else
| # ifdef HAVE_STDLIB_H
| #  include <stdlib.h>
| # endif
| #endif
| #ifdef HAVE_STRING_H
| # if !defined STDC_HEADERS && defined HAVE_MEMORY_H
| #  include <memory.h>
| # endif
| # include <string.h>
| #endif
| #ifdef HAVE_STRINGS_H
| # include <strings.h>
| #endif
| #ifdef HAVE_INTTYPES_H
| # include <inttypes.h>
| #endif
| #ifdef HAVE_STDINT_H
| # include <stdint.h>
| #endif
| #ifdef HAVE_UNISTD_H
| # include <unistd.h>
| #endif
| #include <pthread.h>
configure:13825: result: no
configure:13825: checking pthread.h presence
configure:13825: /home/alon/Dev/emscripten/emcc -E  conftest.c
clang-3: warning: argument unused during compilation: '-nostdinc++'
configure:13825: $? = 0
configure:13825: result: yes
configure:13825: WARNING: pthread.h: present but cannot be compiled
configure:13825: WARNING: pthread.h:     check for missing prerequisite headers?
configure:13825: WARNING: pthread.h: see the Autoconf documentation
configure:13825: WARNING: pthread.h:     section "Present But Cannot Be Compiled"
configure:13825: WARNING: pthread.h: proceeding with the compiler's result
configure:13825: checking for pthread.h
configure:13825: result: no
configure:14336: checking iconv.h usability
configure:14336: /home/alon/Dev/emscripten/emcc -c  -pedantic -W -Wformat -Wunused -Wimplicit -Wreturn-type -Wswitch -Wcomment -Wtrigraphs -Wformat -Wchar-subscripts -Wuninitialized -Wparentheses -Wshadow -Wpointer-arith -Wcast-align -Wwrite-strings -Waggregate-return -Wstrict-prototypes -Wmissing-prototypes -Wnested-externs -Winline -Wredundant-decls  conftest.c >&5
clang-3: warning: argument unused during compilation: '-nostdinc++'
configure:14336: $? = 0
configure:14336: result: yes
configure:14336: checking iconv.h presence
configure:14336: /home/alon/Dev/emscripten/emcc -E  conftest.c
clang-3: warning: argument unused during compilation: '-nostdinc++'
configure:14336: $? = 0
configure:14336: result: yes
configure:14336: checking for iconv.h
configure:14336: result: yes
configure:14338: checking for iconv
configure:14354: /home/alon/Dev/emscripten/emcc -o conftest  -pedantic -W -Wformat -Wunused -Wimplicit -Wreturn-type -Wswitch -Wcomment -Wtrigraphs -Wformat -Wchar-subscripts -Wuninitialized -Wparentheses -Wshadow -Wpointer-arith -Wcast-align -Wwrite-strings -Waggregate-return -Wstrict-prototypes -Wmissing-prototypes -Wnested-externs -Winline -Wredundant-decls   conftest.c  >&5
clang-3: warning: argument unused during compilation: '-nostdinc++'
configure:14354: $? = 0
configure:14356: result: yes
configure:14410: checking for iconv declaration
configure:14438: /home/alon/Dev/emscripten/emcc -c  -pedantic -W -Wformat -Wunused -Wimplicit -Wreturn-type -Wswitch -Wcomment -Wtrigraphs -Wformat -Wchar-subscripts -Wuninitialized -Wparentheses -Wshadow -Wpointer-arith -Wcast-align -Wwrite-strings -Waggregate-return -Wstrict-prototypes -Wmissing-prototypes -Wnested-externs -Winline -Wredundant-decls  conftest.c >&5
clang-3: warning: argument unused during compilation: '-nostdinc++'
configure:14438: $? = 0
configure:14449: result: 
	extern size_t iconv (iconv_t cd,  char * *inbuf, size_t *inbytesleft, char * *outbuf, size_t *outbytesleft);
configure:14798: creating ./config.status

## ---------------------- ##
## Running config.status. ##
## ---------------------- ##

This file was extended by config.status, which was
generated by GNU Autoconf 2.68.  Invocation command line was

  CONFIG_FILES    = 
  CONFIG_HEADERS  = 
  CONFIG_LINKS    = 
  CONFIG_COMMANDS = 
  $ ./config.status 

on figuratively

config.status:1274: creating libxml2.spec
config.status:1274: creating Makefile
config.status:1274: creating include/Makefile
config.status:1274: creating include/libxml/Makefile
config.status:1274: creating doc/Makefile
config.status:1274: creating doc/examples/Makefile
config.status:1274: creating doc/devhelp/Makefile
config.status:1274: creating example/Makefile
config.status:1274: creating python/Makefile
config.status:1274: creating python/tests/Makefile
config.status:1274: creating xstc/Makefile
config.status:1274: creating include/libxml/xmlversion.h
config.status:1274: creating xml2-config
config.status:1274: creating libxml-2.0.pc
config.status:1274: creating libxml-2.0-uninstalled.pc
config.status:1274: creating python/setup.py
config.status:1274: creating config.h
config.status:1455: config.h is unchanged
config.status:1503: executing depfiles commands
config.status:1503: executing libtool commands

## ---------------- ##
## Cache variables. ##
## ---------------- ##

ac_cv_build=i686-pc-linux-gnu
ac_cv_c_compiler_gnu=yes
ac_cv_env_CC_set=set
ac_cv_env_CC_value=/home/alon/Dev/emscripten/emcc
ac_cv_env_CFLAGS_set=set
ac_cv_env_CFLAGS_value=
ac_cv_env_CPPFLAGS_set=
ac_cv_env_CPPFLAGS_value=
ac_cv_env_CPP_set=
ac_cv_env_CPP_value=
ac_cv_env_LDFLAGS_set=
ac_cv_env_LDFLAGS_value=
ac_cv_env_LIBS_set=
ac_cv_env_LIBS_value=
ac_cv_env_build_alias_set=
ac_cv_env_build_alias_value=
ac_cv_env_host_alias_set=
ac_cv_env_host_alias_value=
ac_cv_env_target_alias_set=
ac_cv_env_target_alias_value=
ac_cv_func__stat=no
ac_cv_func_class=no
ac_cv_func_dlopen=no
ac_cv_func_finite=yes
ac_cv_func_fp_class=no
ac_cv_func_fpclass=no
ac_cv_func_fprintf=yes
ac_cv_func_ftime=yes
ac_cv_func_getaddrinfo=yes
ac_cv_func_gettimeofday=yes
ac_cv_func_isinf=yes
ac_cv_func_isnan=yes
ac_cv_func_isnand=no
ac_cv_func_localtime=yes
ac_cv_func_printf=yes
ac_cv_func_shl_load=no
ac_cv_func_signal=yes
ac_cv_func_snprintf=yes
ac_cv_func_sprintf=yes
ac_cv_func_sscanf=yes
ac_cv_func_stat=yes
ac_cv_func_strdup=yes
ac_cv_func_strerror=yes
ac_cv_func_strftime=yes
ac_cv_func_strndup=yes
ac_cv_func_vfprintf=yes
ac_cv_func_vsnprintf=yes
ac_cv_func_vsprintf=yes
ac_cv_header_ansidecl_h=no
ac_cv_header_arpa_inet_h=yes
ac_cv_header_arpa_nameser_h=no
ac_cv_header_ctype_h=yes
ac_cv_header_dirent_dirent_h=yes
ac_cv_header_dirent_h=yes
ac_cv_header_dl_h=no
ac_cv_header_dlfcn_h=yes
ac_cv_header_errno_h=yes
ac_cv_header_fcntl_h=yes
ac_cv_header_float_h=yes
ac_cv_header_fp_class_h=no
ac_cv_header_iconv_h=yes
ac_cv_header_ieeefp_h=yes
ac_cv_header_inttypes_h=yes
ac_cv_header_inttypes_h_h=no
ac_cv_header_limits_h=yes
ac_cv_header_malloc_h=yes
ac_cv_header_math_h=yes
ac_cv_header_memory_h=yes
ac_cv_header_nan_h=no
ac_cv_header_netdb_h=no
ac_cv_header_netinet_in_h=yes
ac_cv_header_poll_h=yes
ac_cv_header_pthread_h=no
ac_cv_header_resolv_h=no
ac_cv_header_signal_h=yes
ac_cv_header_stdarg_h=yes
ac_cv_header_stdc=yes
ac_cv_header_stdint_h=yes
ac_cv_header_stdlib_h=yes
ac_cv_header_string_h=yes
ac_cv_header_strings_h=yes
ac_cv_header_sys_mman_h=yes
ac_cv_header_sys_select_h=yes
ac_cv_header_sys_socket_h=yes
ac_cv_header_sys_stat_h=yes
ac_cv_header_sys_time_h=yes
ac_cv_header_sys_timeb_h=yes
ac_cv_header_sys_types_h=yes
ac_cv_header_time_h=yes
ac_cv_header_unistd_h=yes
ac_cv_header_zlib_h=yes
ac_cv_host=i686-pc-linux-gnu
ac_cv_lib_dl_dlopen=yes
ac_cv_lib_dld_shl_load=no
ac_cv_lib_z_gzread=yes
ac_cv_objext=o
ac_cv_path_EGREP='/bin/grep -E'
ac_cv_path_FGREP='/bin/grep -F'
ac_cv_path_GREP=/bin/grep
ac_cv_path_MV=/bin/mv
ac_cv_path_PERL=/usr/bin/perl
ac_cv_path_PYTHON=/usr/bin/python
ac_cv_path_RM=/bin/rm
ac_cv_path_SED=/bin/sed
ac_cv_path_TAR=/bin/tar
ac_cv_path_WGET=/usr/bin/wget
ac_cv_path_XMLLINT=/usr/bin/xmllint
ac_cv_path_XSLTPROC=/usr/bin/xsltproc
ac_cv_path_install='/usr/bin/install -c'
ac_cv_path_mkdir=/bin/mkdir
ac_cv_prog_AWK=mawk
ac_cv_prog_CPP='/home/alon/Dev/emscripten/emcc -E'
ac_cv_prog_ac_ct_AR=/home/alon/Dev/emscripten/emar
ac_cv_prog_ac_ct_CC=/home/alon/Dev/emscripten/emcc
ac_cv_prog_ac_ct_OBJDUMP=objdump
ac_cv_prog_ac_ct_RANLIB=/home/alon/Dev/emscripten/emranlib
ac_cv_prog_ac_ct_STRIP=strip
ac_cv_prog_cc_c89=
ac_cv_prog_cc_g=yes
ac_cv_prog_make_make_set=yes
ac_cv_search_connect='none required'
ac_cv_search_gethostent='none required'
ac_cv_search_opendir='none required'
ac_cv_search_setsockopt='none required'
am_cv_CC_dependencies_compiler_type=gcc3
lt_cv_archive_cmds_need_lc=no
lt_cv_deplibs_check_method=pass_all
lt_cv_file_magic_cmd='$MAGIC_CMD'
lt_cv_file_magic_test_file=
lt_cv_ld_reload_flag=-r
lt_cv_nm_interface='BSD nm'
lt_cv_objdir=.libs
lt_cv_path_LD=/usr/bin/ld
lt_cv_path_NM='/usr/bin/nm -B'
lt_cv_prog_compiler_c_o=yes
lt_cv_prog_compiler_pic_works=yes
lt_cv_prog_compiler_rtti_exceptions=yes
lt_cv_prog_compiler_static_works=yes
lt_cv_prog_gnu_ld=yes
lt_cv_shlibpath_overrides_runpath=no
lt_cv_sys_global_symbol_pipe='sed -n -e '\''s/^.*[	 ]\([ABCDGIRSTW][ABCDGIRSTW]*\)[	 ][	 ]*\([_A-Za-z][_A-Za-z0-9]*\)$/\1 \2 \2/p'\'''
lt_cv_sys_global_symbol_to_c_name_address='sed -n -e '\''s/^: \([^ ]*\) $/  {\"\1\", (void *) 0},/p'\'' -e '\''s/^[ABCDGIRSTW]* \([^ ]*\) \([^ ]*\)$/  {"\2", (void *) \&\2},/p'\'''
lt_cv_sys_global_symbol_to_c_name_address_lib_prefix='sed -n -e '\''s/^: \([^ ]*\) $/  {\"\1\", (void *) 0},/p'\'' -e '\''s/^[ABCDGIRSTW]* \([^ ]*\) \(lib[^ ]*\)$/  {"\2", (void *) \&\2},/p'\'' -e '\''s/^[ABCDGIRSTW]* \([^ ]*\) \([^ ]*\)$/  {"lib\2", (void *) \&\2},/p'\'''
lt_cv_sys_global_symbol_to_cdecl='sed -n -e '\''s/^T .* \(.*\)$/extern int \1();/p'\'' -e '\''s/^[ABCDGIRSTW]* .* \(.*\)$/extern char \1;/p'\'''
lt_cv_sys_max_cmd_len=1572864
xml_cv_iconv_arg2=
xml_cv_iconv_decl='extern size_t iconv (iconv_t cd,  char * *inbuf, size_t *inbytesleft, char * *outbuf, size_t *outbytesleft);'

## ----------------- ##
## Output variables. ##
## ----------------- ##

ACLOCAL='${SHELL} /home/alon/Dev/xml.js/libxml2-2.7.8/missing --run aclocal-1.11'
AMDEPBACKSLASH='\'
AMDEP_FALSE='#'
AMDEP_TRUE=''
AMTAR='${SHELL} /home/alon/Dev/xml.js/libxml2-2.7.8/missing --run tar'
ANSI2KNR=''
AR='/home/alon/Dev/emscripten/emar'
AS='as'
AUTOCONF='${SHELL} /home/alon/Dev/xml.js/libxml2-2.7.8/missing --run autoconf'
AUTOHEADER='${SHELL} /home/alon/Dev/xml.js/libxml2-2.7.8/missing --run autoheader'
AUTOMAKE='${SHELL} /home/alon/Dev/xml.js/libxml2-2.7.8/missing --run automake-1.11'
AWK='mawk'
BASE_THREAD_LIBS=''
C14N_OBJ='c14n.c'
CATALOG_OBJ='catalog.o'
CC='/home/alon/Dev/emscripten/emcc'
CCDEPMODE='depmode=gcc3'
CFLAGS=' -pedantic -W -Wformat -Wunused -Wimplicit -Wreturn-type -Wswitch -Wcomment -Wtrigraphs -Wformat -Wchar-subscripts -Wuninitialized -Wparentheses -Wshadow -Wpointer-arith -Wcast-align -Wwrite-strings -Waggregate-return -Wstrict-prototypes -Wmissing-prototypes -Wnested-externs -Winline -Wredundant-decls'
CPP='/home/alon/Dev/emscripten/emcc -E'
CPPFLAGS=''
CYGPATH_W='echo'
CYGWIN_EXTRA_LDFLAGS=''
CYGWIN_EXTRA_PYTHON_LIBADD=''
DEBUG_OBJ='debugXML.o'
DEFS='-DHAVE_CONFIG_H'
DEPDIR='.deps'
DLLTOOL='dlltool'
DOCB_OBJ='DOCBparser.o'
DSYMUTIL=''
DUMPBIN=''
ECHO_C=''
ECHO_N='-n'
ECHO_T=''
EGREP='/bin/grep -E'
EXEEXT=''
FGREP='/bin/grep -F'
FTP_OBJ=''
GREP='/bin/grep'
HAVE_ISINF=''
HAVE_ISNAN=''
HTML_DIR='$(datadir)/doc/$(PACKAGE)-$(VERSION)/html'
HTML_OBJ='HTMLparser.o HTMLtree.o'
HTTP_OBJ=''
ICONV_LIBS=''
INSTALL_DATA='${INSTALL} -m 644'
INSTALL_PROGRAM='${INSTALL}'
INSTALL_SCRIPT='${INSTALL}'
INSTALL_STRIP_PROGRAM='$(install_sh) -c -s'
LD='/usr/bin/ld'
LDFLAGS=''
LIBOBJS=''
LIBS=''
LIBTOOL='$(SHELL) $(top_builddir)/libtool'
LIBXML_MAJOR_VERSION='2'
LIBXML_MICRO_VERSION='8'
LIBXML_MINOR_VERSION='7'
LIBXML_VERSION='2.7.8'
LIBXML_VERSION_EXTRA=''
LIBXML_VERSION_INFO='9:8:7'
LIBXML_VERSION_NUMBER='20708'
LIPO=''
LN_S='ln -s'
LTLIBOBJS=''
MAKEINFO='${SHELL} /home/alon/Dev/xml.js/libxml2-2.7.8/missing --run makeinfo'
MKDIR_P='/bin/mkdir -p'
MODULE_EXTENSION='.so'
MODULE_PLATFORM_LIBS='-ldl'
MV='/bin/mv'
M_LIBS='-lm'
NM='/usr/bin/nm -B'
NMEDIT=''
OBJDUMP='objdump'
OBJEXT='o'
OTOOL64=''
OTOOL=''
PACKAGE='libxml2'
PACKAGE_BUGREPORT=''
PACKAGE_NAME=''
PACKAGE_STRING=''
PACKAGE_TARNAME=''
PACKAGE_URL=''
PACKAGE_VERSION=''
PATH_SEPARATOR=':'
PERL='/usr/bin/perl'
PYTHON='/usr/bin/python'
PYTHON_INCLUDES=''
PYTHON_LIBS=''
PYTHON_SITE_PACKAGES='/usr/lib/python2.7/dist-packages'
PYTHON_SUBDIR=''
PYTHON_TESTS=''
PYTHON_VERSION='2.7'
RANLIB='/home/alon/Dev/emscripten/emranlib'
RDL_LIBS=''
READER_TEST='Readertests'
REBUILD_DOCS_FALSE=''
REBUILD_DOCS_TRUE='#'
RELDATE='Thu Mar 15 2012'
RM='/bin/rm'
SED='/bin/sed'
SET_MAKE=''
SHELL='/bin/bash'
STATIC_BINARIES=''
STRIP='strip'
TAR='/bin/tar'
TEST_C14N='C14Ntests'
TEST_CATALOG='Catatests'
TEST_DEBUG='Scripttests'
TEST_HTML='HTMLtests'
TEST_MODULES='ModuleTests'
TEST_PATTERN='Patterntests'
TEST_PHTML='HTMLPushtests'
TEST_PUSH='XMLPushtests'
TEST_REGEXPS='Regexptests Automatatests'
TEST_SAX='SAXtests'
TEST_SCHEMAS='Schemastests Relaxtests'
TEST_SCHEMATRON='Schematrontests'
TEST_THREADS=''
TEST_VALID='Validtests'
TEST_VTIME='VTimingtests'
TEST_XINCLUDE='XIncludetests'
TEST_XPATH='XPathtests'
TEST_XPTR='XPtrtests'
THREADS_W32=''
THREAD_CFLAGS=''
THREAD_LIBS=''
U=''
USE_VERSION_SCRIPT_FALSE=''
USE_VERSION_SCRIPT_TRUE='#'
VERSION='2.7.8'
VERSION_SCRIPT_FLAGS='-Wl,--version-script='
WGET='/usr/bin/wget'
WIN32_EXTRA_LDFLAGS=''
WIN32_EXTRA_LIBADD=''
WIN32_EXTRA_PYTHON_LIBADD=''
WITH_C14N='1'
WITH_CATALOG='1'
WITH_DEBUG='1'
WITH_DOCB='1'
WITH_FTP='0'
WITH_HTML='1'
WITH_HTTP='0'
WITH_ICONV='1'
WITH_ICU='0'
WITH_ISO8859X='1'
WITH_LEGACY='1'
WITH_MEM_DEBUG='0'
WITH_MODULES='1'
WITH_OUTPUT='1'
WITH_PATTERN='1'
WITH_PUSH='1'
WITH_PYTHON_FALSE=''
WITH_PYTHON_TRUE='#'
WITH_READER='1'
WITH_REGEXPS='1'
WITH_RUN_DEBUG='0'
WITH_SAX1='1'
WITH_SCHEMAS='1'
WITH_SCHEMATRON='1'
WITH_THREADS='0'
WITH_TREE='1'
WITH_TRIO='0'
WITH_TRIO_SOURCES_FALSE=''
WITH_TRIO_SOURCES_TRUE='#'
WITH_VALID='1'
WITH_WRITER='1'
WITH_XINCLUDE='1'
WITH_XPATH='1'
WITH_XPTR='1'
WITH_ZLIB='1'
XINCLUDE_OBJ='xinclude.o'
XMLLINT='/usr/bin/xmllint'
XML_CFLAGS=''
XML_INCLUDEDIR='-I${includedir}/libxml2'
XML_LIBDIR='-L${libdir}'
XML_LIBS='-lxml2 -lz   -lm '
XML_LIBTOOLLIBS='libxml2.la'
XPATH_OBJ='xpath.o'
XPTR_OBJ='xpointer.o'
XSLTPROC='/usr/bin/xsltproc'
Z_CFLAGS=''
Z_LIBS='-lz'
ac_ct_CC='/home/alon/Dev/emscripten/emcc'
ac_ct_DUMPBIN=''
am__EXEEXT_FALSE=''
am__EXEEXT_TRUE='#'
am__fastdepCC_FALSE='#'
am__fastdepCC_TRUE=''
am__include='include'
am__isrc=''
am__leading_dot='.'
am__quote=''
am__tar='${AMTAR} chof - "$$tardir"'
am__untar='${AMTAR} xf -'
bindir='${exec_prefix}/bin'
build='i686-pc-linux-gnu'
build_alias=''
build_cpu='i686'
build_os='linux-gnu'
build_vendor='pc'
datadir='${datarootdir}'
datarootdir='${prefix}/share'
docdir='${datarootdir}/doc/${PACKAGE}'
dvidir='${docdir}'
exec_prefix='${prefix}'
host='i686-pc-linux-gnu'
host_alias=''
host_cpu='i686'
host_os='linux-gnu'
host_vendor='pc'
htmldir='${docdir}'
includedir='${prefix}/include'
infodir='${datarootdir}/info'
install_sh='${SHELL} /home/alon/Dev/xml.js/libxml2-2.7.8/install-sh'
libdir='${exec_prefix}/lib'
libexecdir='${exec_prefix}/libexec'
localedir='${datarootdir}/locale'
localstatedir='${prefix}/var'
mandir='${datarootdir}/man'
mkdir_p='/bin/mkdir -p'
oldincludedir='/usr/include'
pdfdir='${docdir}'
prefix='/usr/local'
program_transform_name='s,x,x,'
psdir='${docdir}'
pythondir='$(libdir)/python$(PYTHON_VERSION)/site-packages'
sbindir='${exec_prefix}/sbin'
sharedstatedir='${prefix}/com'
sysconfdir='${prefix}/etc'
target_alias=''

## ----------- ##
## confdefs.h. ##
## ----------- ##

/* confdefs.h */
#define PACKAGE_NAME ""
#define PACKAGE_TARNAME ""
#define PACKAGE_VERSION ""
#define PACKAGE_STRING ""
#define PACKAGE_BUGREPORT ""
#define PACKAGE_URL ""
#define PACKAGE "libxml2"
#define VERSION "2.7.8"
#define PROTOTYPES 1
#define __PROTOTYPES 1
#define STDC_HEADERS 1
#define HAVE_SYS_TYPES_H 1
#define HAVE_SYS_STAT_H 1
#define HAVE_STDLIB_H 1
#define HAVE_STRING_H 1
#define HAVE_MEMORY_H 1
#define HAVE_STRINGS_H 1
#define HAVE_INTTYPES_H 1
#define HAVE_STDINT_H 1
#define HAVE_UNISTD_H 1
#define HAVE_STRING_H 1
#define HAVE_DLFCN_H 1
#define LT_OBJDIR ".libs/"
#define HAVE_ZLIB_H 1
#define HAVE_LIBZ 1
#define HAVE_DIRENT_H 1
#define STDC_HEADERS 1
#define HAVE_FCNTL_H 1
#define HAVE_UNISTD_H 1
#define HAVE_CTYPE_H 1
#define HAVE_DIRENT_H 1
#define HAVE_ERRNO_H 1
#define HAVE_MALLOC_H 1
#define HAVE_STDARG_H 1
#define HAVE_SYS_STAT_H 1
#define HAVE_SYS_TYPES_H 1
#define HAVE_STDINT_H 1
#define HAVE_TIME_H 1
#define HAVE_IEEEFP_H 1
#define HAVE_MATH_H 1
#define HAVE_LIMITS_H 1
#define HAVE_FLOAT_H 1
#define HAVE_STDLIB_H 1
#define HAVE_SYS_SOCKET_H 1
#define HAVE_NETINET_IN_H 1
#define HAVE_ARPA_INET_H 1
#define HAVE_SYS_TIME_H 1
#define HAVE_SYS_SELECT_H 1
#define HAVE_POLL_H 1
#define HAVE_SYS_MMAN_H 1
#define HAVE_SYS_TIMEB_H 1
#define HAVE_SIGNAL_H 1
#define HAVE_DLFCN_H 1
#define HAVE_STRFTIME 1
#define HAVE_STRDUP 1
#define HAVE_STRNDUP 1
#define HAVE_STRERROR 1
#define HAVE_FINITE 1
#define HAVE_STRFTIME 1
#define HAVE_LOCALTIME 1
#define HAVE_GETTIMEOFDAY 1
#define HAVE_FTIME 1
#define HAVE_STAT 1
#define HAVE_SIGNAL 1
#define HAVE_PRINTF 1
#define HAVE_SPRINTF 1
#define HAVE_FPRINTF 1
#define HAVE_SNPRINTF 1
#define HAVE_VFPRINTF 1
#define HAVE_VSPRINTF 1
#define HAVE_VSNPRINTF 1
#define HAVE_SSCANF 1
#define HAVE_VA_COPY 1
#define XML_SOCKLEN_T int
#define SUPPORT_IP6 /**/
#define HAVE_GETADDRINFO /**/
#define HAVE_ISNAN /**/
#define HAVE_ISINF /**/
#define HAVE_DLOPEN /**/
#define ICONV_CONST 

configure: exit 0
